2018-07-16 17:12:39,433  INFO [main] RunManager:23 - Hey! ubp, Logging everything from here ....
2018-07-16 17:12:39,436  INFO [main] RunManager:24 - Run ID is --> Run-71
2018-07-16 17:12:39,603  INFO [main] StepsBase:16 - Executing S C E N A R I O : As a tester, I want to complete a funds transfer transaction so that I can pass on funds to another cardholder (Add recipient from saved list).
2018-07-16 17:12:44,360  INFO [main] Keywords:42 - Application launched
2018-07-16 17:12:44,378  INFO [main] Click:16 - Click element [Getgo.Welcome.BtnLogin.ID]
2018-07-16 17:12:45,025  INFO [main] Click:22 - Click Successful!
2018-07-16 17:12:45,033  INFO [main] Type:14 - Type the value [john@does.com] into element [Getgo.Login.TxtEmailAddress.XPATH]
2018-07-16 17:12:49,051  INFO [main] Type:17 - Type Successful!
2018-07-16 17:12:49,051  INFO [main] Click:16 - Click element [Getgo.Login.BtnNext.XPATH]
2018-07-16 17:12:51,225  INFO [main] Click:22 - Click Successful!
2018-07-16 17:12:51,227  INFO [main] Type:21 - Type the value [he*****] into element [Getgo.Login.TxtPassword.XPATH]
2018-07-16 17:12:57,604  INFO [main] Type:24 - Type Successful!
2018-07-16 17:12:57,605  INFO [main] Click:16 - Click element [Getgo.Login.BtnLogin.XPATH]
2018-07-16 17:12:59,948  INFO [main] Click:22 - Click Successful!
2018-07-16 17:12:59,958  INFO [main] Click:16 - Click element [Getgo.Dashboard.BtnMenu.ID]
2018-07-16 17:13:04,483  INFO [main] Click:22 - Click Successful!
2018-07-16 17:13:04,485  INFO [main] Click:26 - Click element [By.xpath: //XCUIElementTypeStaticText[@name='Card Transfer']]
2018-07-16 17:13:09,288  INFO [main] Click:32 - Click Successful!
2018-07-16 17:13:09,309  INFO [main] Click:16 - Click element [Getgo.CardTransfer.BtnAddRecipient.ID]
2018-07-16 17:13:11,222  INFO [main] Click:22 - Click Successful!
2018-07-16 17:13:34,764  INFO [main] Click:26 - Click element [By.xpath: //XCUIElementTypeStaticText[@name='testtransfer']]
