2018-07-16 16:34:46,995  INFO [main] RunManager:23 - Hey! ubp, Logging everything from here ....
2018-07-16 16:34:46,997  INFO [main] RunManager:24 - Run ID is --> Run-61
2018-07-16 16:34:47,179  INFO [main] StepsBase:16 - Executing S C E N A R I O : As a tester, I want to complete a funds transfer transaction so that I can pass on funds to another cardholder.
2018-07-16 16:34:52,629  INFO [main] Keywords:41 - Application launched
2018-07-16 16:34:52,646  INFO [main] Click:16 - Click element [Getgo.Welcome.BtnLogin.ID]
2018-07-16 16:34:53,356  INFO [main] Click:22 - Click Successful!
2018-07-16 16:34:53,362  INFO [main] Type:14 - Type the value [john@does.com] into element [Getgo.Login.TxtEmailAddress.XPATH]
2018-07-16 16:34:57,226  INFO [main] Type:17 - Type Successful!
2018-07-16 16:34:57,226  INFO [main] Click:16 - Click element [Getgo.Login.BtnNext.XPATH]
2018-07-16 16:34:59,485  INFO [main] Click:22 - Click Successful!
2018-07-16 16:34:59,487  INFO [main] Type:21 - Type the value [he*****] into element [Getgo.Login.TxtPassword.XPATH]
2018-07-16 16:35:06,293  INFO [main] Type:24 - Type Successful!
2018-07-16 16:35:06,294  INFO [main] Click:16 - Click element [Getgo.Login.BtnLogin.XPATH]
2018-07-16 16:35:08,592  INFO [main] Click:22 - Click Successful!
2018-07-16 16:35:08,623  INFO [main] Click:16 - Click element [Getgo.Dashboard.BtnMenu.ID]
2018-07-16 16:35:13,042  INFO [main] Click:22 - Click Successful!
2018-07-16 16:35:13,065  INFO [main] Type:14 - Type the value [6019990220004855] into element [Getgo.CardTransfer.TxtCard.XPATH]
2018-07-16 16:35:30,134 ERROR [main] Get:26 - Element [Getgo.CardTransfer.TxtCard.XPATH] not found!
2018-07-16 16:35:30,148 ERROR [main] StepsBase:23 - S C E N A R I O    F A I L E D !!!!!
2018-07-16 16:35:30,149  INFO [main] Screenshot:20 - Capture screenshot
2018-07-16 16:35:30,564  INFO [main] Screenshot:25 - Captured!
2018-07-16 16:35:30,818  INFO [main] Keywords:48 - Application closed
2018-07-16 16:35:30,860  INFO [main] Test:50 - Report is generates @ emailable-results/Run-61/Automation-Dashboard.html
