2018-07-16 17:07:24,745  INFO [main] RunManager:23 - Hey! ubp, Logging everything from here ....
2018-07-16 17:07:24,748  INFO [main] RunManager:24 - Run ID is --> Run-69
2018-07-16 17:07:25,015  INFO [main] StepsBase:16 - Executing S C E N A R I O : As a tester, I want to complete a funds transfer transaction so that I can pass on funds to another cardholder (Add recipient from saved list).
2018-07-16 17:07:53,578  INFO [main] Keywords:42 - Application launched
2018-07-16 17:07:53,609  INFO [main] Click:16 - Click element [Getgo.Welcome.BtnLogin.ID]
2018-07-16 17:07:54,266  INFO [main] Click:22 - Click Successful!
2018-07-16 17:07:54,274  INFO [main] Type:14 - Type the value [john@does.com] into element [Getgo.Login.TxtEmailAddress.XPATH]
2018-07-16 17:07:58,144  INFO [main] Type:17 - Type Successful!
2018-07-16 17:07:58,144  INFO [main] Click:16 - Click element [Getgo.Login.BtnNext.XPATH]
2018-07-16 17:08:00,375  INFO [main] Click:22 - Click Successful!
2018-07-16 17:08:00,377  INFO [main] Type:21 - Type the value [he*****] into element [Getgo.Login.TxtPassword.XPATH]
2018-07-16 17:08:06,290  INFO [main] Type:24 - Type Successful!
2018-07-16 17:08:06,291  INFO [main] Click:16 - Click element [Getgo.Login.BtnLogin.XPATH]
2018-07-16 17:08:08,533  INFO [main] Click:22 - Click Successful!
2018-07-16 17:08:08,585  INFO [main] Click:16 - Click element [Getgo.Dashboard.BtnMenu.ID]
2018-07-16 17:08:13,089  INFO [main] Click:22 - Click Successful!
2018-07-16 17:08:13,118  INFO [main] Click:26 - Click element [By.xpath: //XCUIElementTypeStaticText[@name='Card Transfer']]
2018-07-16 17:08:17,898  INFO [main] Click:32 - Click Successful!
2018-07-16 17:08:17,911  INFO [main] Click:16 - Click element [Getgo.CardTransfer.BtnAddRecipient.ID]
2018-07-16 17:08:19,580  INFO [main] Click:22 - Click Successful!
2018-07-16 17:08:28,884  INFO [main] Click:26 - Click element [By.xpath: //XCUIElementTypeStaticText[@name='testtransfer']]
2018-07-16 17:08:52,865  INFO [main] Click:32 - Click Successful!
2018-07-16 17:08:52,866  INFO [main] Type:14 - Type the value [5] into element [Getgo.CardTransfer.TxtAmount.XPATH]
2018-07-16 17:09:17,345 ERROR [main] Get:26 - Element [Getgo.CardTransfer.TxtAmount.XPATH] not found!
2018-07-16 17:09:17,365 ERROR [main] StepsBase:23 - S C E N A R I O    F A I L E D !!!!!
2018-07-16 17:09:17,365  INFO [main] Screenshot:20 - Capture screenshot
2018-07-16 17:09:17,798  INFO [main] Screenshot:25 - Captured!
2018-07-16 17:09:18,063  INFO [main] Keywords:49 - Application closed
2018-07-16 17:09:18,147  INFO [main] Test:50 - Report is generates @ emailable-results/Run-69/Automation-Dashboard.html
