2018-07-16 16:12:21,264  INFO [main] RunManager:23 - Hey! ubp, Logging everything from here ....
2018-07-16 16:12:21,266  INFO [main] RunManager:24 - Run ID is --> Run-60
2018-07-16 16:12:21,467  INFO [main] StepsBase:16 - Executing S C E N A R I O : As a tester, I want to be able to login using my credentials so that I can see my account(Virtual Card or Peso+) details
2018-07-16 16:12:28,181  INFO [main] Keywords:41 - Application launched
2018-07-16 16:12:28,187  INFO [main] Click:16 - Click element [Getgo.Welcome.BtnLogin.ID]
2018-07-16 16:12:28,896  INFO [main] Click:22 - Click Successful!
2018-07-16 16:12:28,912  INFO [main] Type:14 - Type the value [(3)Evelyn.dhamodaran@unionbankph.com] into element [Getgo.Login.TxtEmailAddress.XPATH]
2018-07-16 16:12:33,436  INFO [main] Type:17 - Type Successful!
2018-07-16 16:12:33,436  INFO [main] Click:16 - Click element [Getgo.Login.BtnNext.XPATH]
2018-07-16 16:12:35,942  INFO [main] Click:22 - Click Successful!
2018-07-16 16:12:35,957  INFO [main] Type:21 - Type the value [he*****] into element [Getgo.Login.TxtPassword.XPATH]
2018-07-16 16:12:42,149  INFO [main] Type:24 - Type Successful!
2018-07-16 16:12:42,150  INFO [main] Click:16 - Click element [Getgo.Login.BtnLogin.XPATH]
2018-07-16 16:12:44,468  INFO [main] Click:22 - Click Successful!
2018-07-16 16:12:44,479  INFO [main] Verify:16 - Verify element [Getgo.Dashboard.ImgProfilePicture.ID] is present
2018-07-16 16:12:48,268  INFO [main] Verify:18 - Element is present!
2018-07-16 16:12:48,269  INFO [main] Verify:28 - Verify element [Getgo.Dashboard.LblUsername.XPATH] text is matching with [Eve Kanmani]
2018-07-16 16:12:50,401  INFO [main] Verify:36 - Condition verified!
2018-07-16 16:13:10,405  INFO [main] Keywords:48 - Application closed
2018-07-16 16:13:10,406  INFO [main] StepsBase:16 - Executing S C E N A R I O : As a tester, I want to be able to login using my credentials so that I can see my account(Virtual Card or Peso+) details
2018-07-16 16:13:12,966  INFO [main] Keywords:41 - Application launched
2018-07-16 16:13:12,968  INFO [main] Click:16 - Click element [Getgo.Welcome.BtnLogin.ID]
2018-07-16 16:13:13,721  INFO [main] Click:22 - Click Successful!
2018-07-16 16:13:13,722  INFO [main] Type:14 - Type the value [john@does.com] into element [Getgo.Login.TxtEmailAddress.XPATH]
2018-07-16 16:13:17,807  INFO [main] Type:17 - Type Successful!
2018-07-16 16:13:17,807  INFO [main] Click:16 - Click element [Getgo.Login.BtnNext.XPATH]
2018-07-16 16:13:20,097  INFO [main] Click:22 - Click Successful!
2018-07-16 16:13:20,098  INFO [main] Type:21 - Type the value [he*****] into element [Getgo.Login.TxtPassword.XPATH]
2018-07-16 16:13:26,366  INFO [main] Type:24 - Type Successful!
2018-07-16 16:13:26,367  INFO [main] Click:16 - Click element [Getgo.Login.BtnLogin.XPATH]
2018-07-16 16:13:28,674  INFO [main] Click:22 - Click Successful!
2018-07-16 16:13:28,675  INFO [main] Verify:16 - Verify element [Getgo.Dashboard.ImgProfilePicture.ID] is present
2018-07-16 16:13:32,280  INFO [main] Verify:18 - Element is present!
2018-07-16 16:13:32,280  INFO [main] Verify:28 - Verify element [Getgo.Dashboard.LblUsername.XPATH] text is matching with [John Berlin Fuertes]
2018-07-16 16:13:33,614  INFO [main] Verify:36 - Condition verified!
2018-07-16 16:13:39,216  INFO [main] Keywords:48 - Application closed
2018-07-16 16:13:39,218  INFO [main] StepsBase:16 - Executing S C E N A R I O : Validate the fields & texts displayed on the Getgo Welcome & SignUp page
2018-07-16 16:13:41,353  INFO [main] Keywords:41 - Application launched
2018-07-16 16:13:41,354  INFO [main] Verify:16 - Verify element [Getgo.Welcome.ImgLogo.ID] is present
2018-07-16 16:13:41,511  INFO [main] Verify:18 - Element is present!
2018-07-16 16:13:41,511  INFO [main] Verify:28 - Verify element [Getgo.Welcome.LblCaption.XPATH] text is matching with [Now made easier. As simple as Ready, GetGo.]
2018-07-16 16:13:42,531  INFO [main] Verify:36 - Condition verified!
2018-07-16 16:13:42,532  INFO [main] Verify:28 - Verify element [Getgo.Welcome.BtnLogin.ID] text is matching with [LOG IN]
2018-07-16 16:13:42,768  INFO [main] Verify:36 - Condition verified!
2018-07-16 16:13:42,768  INFO [main] Verify:28 - Verify element [Getgo.Welcome.BtnSignUp.ID] text is matching with [SIGN UP]
2018-07-16 16:13:42,995  INFO [main] Verify:36 - Condition verified!
2018-07-16 16:13:42,996  INFO [main] Click:16 - Click element [Getgo.Welcome.BtnSignUp.ID]
2018-07-16 16:13:43,596  INFO [main] Click:22 - Click Successful!
2018-07-16 16:13:43,597  INFO [main] Verify:16 - Verify element [Getgo.SignUp.ImgGetgoCard.ID] is present
2018-07-16 16:13:43,741  INFO [main] Verify:18 - Element is present!
2018-07-16 16:13:43,741  INFO [main] Verify:28 - Verify element [Getgo.SignUp.BtnCreateVirtualCard.XPATH] text is matching with [No]
2018-07-16 16:13:44,865  INFO [main] Verify:36 - Condition verified!
2018-07-16 16:13:44,865  INFO [main] Verify:28 - Verify element [Getgo.SignUp.BtnRegisterPhysicalCard.XPATH] text is matching with [Yes]
2018-07-16 16:13:46,216  INFO [main] Verify:36 - Condition verified!
2018-07-16 16:13:46,216  INFO [main] Verify:28 - Verify element [Getgo.SignUp.LblCaption1.XPATH] text is matching with [Do you have a GetGo Peso Plus Card?]
2018-07-16 16:13:47,525  INFO [main] Verify:36 - Condition verified!
2018-07-16 16:13:47,525  INFO [main] Verify:28 - Verify element [Getgo.SignUp.LblCaption2.XPATH] text is matching with [Start shopping online by creating your GetGo Virtual Prepaid Card. Or register your Peso + Prepaid Card now.]
2018-07-16 16:13:48,845  INFO [main] Verify:36 - Condition verified!
2018-07-16 16:13:49,230  INFO [main] Keywords:48 - Application closed
2018-07-16 16:13:49,231  INFO [main] StepsBase:16 - Executing S C E N A R I O : Validate the fields & texts displayed on the Getgo Login page
2018-07-16 16:13:51,806  INFO [main] Keywords:41 - Application launched
2018-07-16 16:13:51,808  INFO [main] Click:16 - Click element [Getgo.Welcome.BtnLogin.ID]
2018-07-16 16:13:52,466  INFO [main] Click:22 - Click Successful!
2018-07-16 16:13:52,467  INFO [main] Verify:16 - Verify element [Getgo.Login.BtnBack.XPATH] is present
2018-07-16 16:13:53,543  INFO [main] Verify:18 - Element is present!
2018-07-16 16:13:53,563  INFO [main] Verify:22 - Verify element [By.xpath: //XCUIElementTypeStaticText[@name='Login']] is present
2018-07-16 16:13:54,510  INFO [main] Verify:24 - Element is present!
2018-07-16 16:13:54,511  INFO [main] Verify:28 - Verify element [Getgo.Login.LblCaption.XPATH] text is matching with [Now made easier. As simple as Ready, GetGo.]
2018-07-16 16:13:55,599  INFO [main] Verify:36 - Condition verified!
2018-07-16 16:13:55,599  INFO [main] Verify:28 - Verify element [Getgo.Login.TxtEmailAddress.XPATH] text is matching with [Email]
2018-07-16 16:13:56,654  INFO [main] Verify:36 - Condition verified!
2018-07-16 16:13:56,654  INFO [main] Verify:22 - Verify element [By.xpath: //XCUIElementTypeButton[@name='Forgot password?']] is present
2018-07-16 16:13:57,625  INFO [main] Verify:24 - Element is present!
2018-07-16 16:13:57,625  INFO [main] Verify:22 - Verify element [By.xpath: //XCUIElementTypeButton[@name='Don’t have an account? SIGN UP NOW!']] is present
2018-07-16 16:13:58,584  INFO [main] Verify:24 - Element is present!
2018-07-16 16:13:58,584  INFO [main] Verify:28 - Verify element [Getgo.Login.BtnNext.XPATH] text is matching with [NEXT]
2018-07-16 16:13:59,653  INFO [main] Verify:36 - Condition verified!
2018-07-16 16:13:59,654  INFO [main] Type:14 - Type the value [john@does.com] into element [Getgo.Login.TxtEmailAddress.XPATH]
2018-07-16 16:14:03,734  INFO [main] Type:17 - Type Successful!
2018-07-16 16:14:03,734  INFO [main] Click:16 - Click element [Getgo.Login.BtnNext.XPATH]
2018-07-16 16:14:06,219  INFO [main] Click:22 - Click Successful!
2018-07-16 16:14:06,220  INFO [main] Verify:16 - Verify element [Getgo.Login.TogglePasswordVisibility.ID] is present
2018-07-16 16:14:07,901  INFO [main] Verify:18 - Element is present!
2018-07-16 16:14:07,901  INFO [main] Verify:16 - Verify element [Getgo.Login.BtnBack.XPATH] is present
2018-07-16 16:14:09,389  INFO [main] Verify:18 - Element is present!
2018-07-16 16:14:09,389  INFO [main] Verify:22 - Verify element [By.xpath: //XCUIElementTypeStaticText[@name='Login']] is present
2018-07-16 16:14:10,409  INFO [main] Verify:24 - Element is present!
2018-07-16 16:14:10,409  INFO [main] Verify:28 - Verify element [Getgo.Login.LblCaption.XPATH] text is matching with [Enter your password]
2018-07-16 16:14:11,493  INFO [main] Verify:36 - Condition verified!
2018-07-16 16:14:11,493  INFO [main] Verify:28 - Verify element [Getgo.Login.TxtPassword.XPATH] text is matching with [Password]
2018-07-16 16:14:12,602  INFO [main] Verify:36 - Condition verified!
2018-07-16 16:14:12,602  INFO [main] Verify:22 - Verify element [By.xpath: //XCUIElementTypeButton[@name='Having problems with your account?']] is present
2018-07-16 16:14:13,657  INFO [main] Verify:24 - Element is present!
2018-07-16 16:14:13,657  INFO [main] Verify:28 - Verify element [Getgo.Login.BtnLogin.XPATH] text is matching with [LOGIN]
2018-07-16 16:14:14,802  INFO [main] Verify:36 - Condition verified!
2018-07-16 16:14:15,215  INFO [main] Keywords:48 - Application closed
2018-07-16 16:14:15,262  INFO [main] Test:50 - Report is generates @ emailable-results/Run-60/Automation-Dashboard.html
