2018-07-16 16:55:55,170  INFO [main] RunManager:23 - Hey! ubp, Logging everything from here ....
2018-07-16 16:55:55,173  INFO [main] RunManager:24 - Run ID is --> Run-65
2018-07-16 16:55:55,404  INFO [main] StepsBase:16 - Executing S C E N A R I O : As a tester, I want to complete a funds transfer transaction so that I can pass on funds to another cardholder.
2018-07-16 16:56:00,102  INFO [main] Keywords:42 - Application launched
2018-07-16 16:56:00,117  INFO [main] Click:16 - Click element [Getgo.Welcome.BtnLogin.ID]
2018-07-16 16:56:00,833  INFO [main] Click:22 - Click Successful!
2018-07-16 16:56:00,840  INFO [main] Type:14 - Type the value [john@does.com] into element [Getgo.Login.TxtEmailAddress.XPATH]
2018-07-16 16:56:04,752  INFO [main] Type:17 - Type Successful!
2018-07-16 16:56:04,752  INFO [main] Click:16 - Click element [Getgo.Login.BtnNext.XPATH]
2018-07-16 16:56:07,008  INFO [main] Click:22 - Click Successful!
2018-07-16 16:56:07,009  INFO [main] Type:21 - Type the value [he*****] into element [Getgo.Login.TxtPassword.XPATH]
2018-07-16 16:56:13,798  INFO [main] Type:24 - Type Successful!
2018-07-16 16:56:13,799  INFO [main] Click:16 - Click element [Getgo.Login.BtnLogin.XPATH]
2018-07-16 16:56:16,109  INFO [main] Click:22 - Click Successful!
2018-07-16 16:56:16,112  INFO [main] Click:16 - Click element [Getgo.Dashboard.BtnMenu.ID]
2018-07-16 16:56:20,254  INFO [main] Click:22 - Click Successful!
2018-07-16 16:56:20,256  INFO [main] Click:26 - Click element [By.xpath: //XCUIElementTypeStaticText[@name='Card Transfer']]
2018-07-16 16:56:24,945  INFO [main] Click:32 - Click Successful!
2018-07-16 16:56:24,959  INFO [main] Type:14 - Type the value [6019990220004855] into element [Getgo.CardTransfer.TxtCard.XPATH]
2018-07-16 16:56:46,125  INFO [main] Type:17 - Type Successful!
2018-07-16 16:56:46,125  INFO [main] Type:14 - Type the value [Christy Collins] into element [Getgo.CardTransfer.TxtRecipientName.XPATH]
2018-07-16 16:56:52,729  INFO [main] Type:17 - Type Successful!
2018-07-16 16:56:52,729  INFO [main] Type:14 - Type the value [5] into element [Getgo.CardTransfer.TxtAmount.XPATH]
2018-07-16 16:57:13,189  INFO [main] Type:17 - Type Successful!
2018-07-16 16:57:13,189  INFO [main] Click:16 - Click element [Getgo.CardTransfer.BtnCalendar.ID]
2018-07-16 16:57:14,166  INFO [main] Click:22 - Click Successful!
2018-07-16 16:57:14,166  INFO [main] iOS:18 - Picking the specified day[16] month[7] year[2018] in the IOS calendar object
2018-07-16 16:57:20,634  INFO [main] Click:16 - Click element [Getgo.CardTransfer.BtnFrequencyDropdown.ID]
2018-07-16 16:57:21,648  INFO [main] Click:22 - Click Successful!
2018-07-16 16:57:21,648  INFO [main] iOS:37 - Select the value {One Time Only} in IOS picker wheel
2018-07-16 16:57:26,957  INFO [main] iOS:42 - Value One Time Only is selected!
2018-07-16 16:57:26,957  INFO [main] Type:14 - Type the value [Automation Transaction!] into element [Getgo.CardTransfer.TxtMessage.XPATH]
2018-07-16 16:57:33,407  INFO [main] Type:17 - Type Successful!
2018-07-16 16:57:37,038  INFO [main] Click:16 - Click element [Getgo.CardTransfer.BtnNext.ID]
2018-07-16 16:57:37,979  INFO [main] Click:22 - Click Successful!
2018-07-16 16:57:37,981  INFO [main] Verify:64 - Verify element [By.xpath: //XCUIElementTypeStaticText[contains(@name,'John')]] text is matching with [John Berlin Fuertes]
2018-07-16 16:57:41,640  INFO [main] Verify:72 - Condition verified!
2018-07-16 16:57:41,640  INFO [main] Verify:64 - Verify element [By.xpath: //XCUIElementTypeStaticText[contains(@name,'****')]] text is matching with [**** **** **** 5506]
2018-07-16 16:57:43,298  INFO [main] Verify:72 - Condition verified!
2018-07-16 16:57:43,299  INFO [main] Verify:64 - Verify element [By.xpath: //XCUIElementTypeStaticText[contains(@name,'6019')]] text is matching with [6019990220004855]
2018-07-16 16:57:44,971  INFO [main] Verify:72 - Condition verified!
2018-07-16 16:57:46,672  INFO [main] Verify:64 - Verify element [By.xpath: //XCUIElementTypeStaticText[@name='Jul 16, 2018']] text is matching with [Jul 16, 2018]
2018-07-16 16:57:48,346  INFO [main] Verify:72 - Condition verified!
2018-07-16 16:57:48,346  INFO [main] Click:16 - Click element [Getgo.CardTransferReview.BtnTransfer.XPATH]
2018-07-16 16:57:50,509  INFO [main] Click:22 - Click Successful!
2018-07-16 16:57:50,511  INFO [main] Verify:22 - Verify element [By.xpath: //XCUIElementTypeStaticText[@name='Congratulations!']] is present
2018-07-16 16:57:58,185  INFO [main] Verify:24 - Element is present!
2018-07-16 16:57:58,185  INFO [main] Verify:22 - Verify element [By.xpath: //XCUIElementTypeStaticText[@name='You have successfully transfer fund.']] is present
2018-07-16 16:57:59,162  INFO [main] Verify:24 - Element is present!
2018-07-16 16:57:59,162  INFO [main] Click:16 - Click element [Getgo.CardTransferSuccess.BtnViewDetails.XPATH]
2018-07-16 16:58:00,615  INFO [main] Click:22 - Click Successful!
2018-07-16 16:58:16,768 ERROR [main] Get:26 - Element [Getgo.Activities.LblReferenceNumber.ID] not found!
2018-07-16 16:58:16,774 ERROR [main] StepsBase:23 - S C E N A R I O    F A I L E D !!!!!
2018-07-16 16:58:16,774  INFO [main] Screenshot:20 - Capture screenshot
2018-07-16 16:58:17,119  INFO [main] Screenshot:25 - Captured!
2018-07-16 16:58:17,373  INFO [main] Keywords:49 - Application closed
2018-07-16 16:58:17,421  INFO [main] Test:50 - Report is generates @ emailable-results/Run-65/Automation-Dashboard.html
