2018-07-16 18:10:56,697  INFO [main] RunManager:23 - Hey! ubp, Logging everything from here ....
2018-07-16 18:10:56,700  INFO [main] RunManager:24 - Run ID is --> Run-79
2018-07-16 18:10:56,880  INFO [main] StepsBase:16 - Executing S C E N A R I O : As a tester, I want to complete a funds transfer transaction so that I can pass on funds to another cardholder (Add recipient from saved list).
2018-07-16 18:11:15,735  INFO [main] Keywords:42 - Application launched
2018-07-16 18:11:15,754  INFO [main] Click:16 - Click element [Getgo.Welcome.BtnLogin.ID]
2018-07-16 18:11:16,412  INFO [main] Click:22 - Click Successful!
2018-07-16 18:11:16,426  INFO [main] Type:14 - Type the value [john@does.com] into element [Getgo.Login.TxtEmailAddress.XPATH]
2018-07-16 18:11:20,375  INFO [main] Type:17 - Type Successful!
2018-07-16 18:11:20,375  INFO [main] Click:16 - Click element [Getgo.Login.BtnNext.XPATH]
2018-07-16 18:11:22,686  INFO [main] Click:22 - Click Successful!
2018-07-16 18:11:22,688  INFO [main] Type:21 - Type the value [he*****] into element [Getgo.Login.TxtPassword.XPATH]
2018-07-16 18:11:28,787  INFO [main] Type:24 - Type Successful!
2018-07-16 18:11:28,787  INFO [main] Click:16 - Click element [Getgo.Login.BtnLogin.XPATH]
2018-07-16 18:11:31,130  INFO [main] Click:22 - Click Successful!
2018-07-16 18:11:31,148  INFO [main] Click:16 - Click element [Getgo.Dashboard.BtnMenu.ID]
2018-07-16 18:11:36,927  INFO [main] Click:22 - Click Successful!
2018-07-16 18:11:36,929  INFO [main] Click:26 - Click element [By.xpath: //XCUIElementTypeStaticText[@name='Card Transfer']]
2018-07-16 18:11:41,777  INFO [main] Click:32 - Click Successful!
2018-07-16 18:11:41,802  INFO [main] Click:16 - Click element [Getgo.CardTransfer.BtnAddRecipient.ID]
2018-07-16 18:11:42,933  INFO [main] Click:22 - Click Successful!
2018-07-16 18:12:24,658  INFO [main] Click:26 - Click element [By.xpath: //XCUIElementTypeStaticText[@name='testtransfer']]
2018-07-16 18:12:24,719 ERROR [main] StepsBase:23 - S C E N A R I O    F A I L E D !!!!!
2018-07-16 18:12:24,720  INFO [main] Screenshot:20 - Capture screenshot
2018-07-16 18:12:24,723  WARN [main] Screenshot:27 - Problem while capturing the screenshot
Connection refused (Connection refused)
Build info: version: '3.12.0', revision: '7c6e0b3', time: '2018-05-08T14:04:26.12Z'
System info: host: 'UBPs-iMac.local', ip: '192.168.16.22', os.name: 'Mac OS X', os.arch: 'x86_64', os.version: '10.13.5', java.version: '1.8.0_171'
Driver info: driver.version: RemoteWebDriver
