2018-07-16 16:40:34,742  INFO [main] RunManager:23 - Hey! ubp, Logging everything from here ....
2018-07-16 16:40:34,756  INFO [main] RunManager:24 - Run ID is --> Run-63
2018-07-16 16:40:34,945  INFO [main] StepsBase:16 - Executing S C E N A R I O : As a tester, I want to complete a funds transfer transaction so that I can pass on funds to another cardholder.
2018-07-16 16:40:41,324  INFO [main] Keywords:41 - Application launched
2018-07-16 16:40:41,339  INFO [main] Click:16 - Click element [Getgo.Welcome.BtnLogin.ID]
2018-07-16 16:40:42,032  INFO [main] Click:22 - Click Successful!
2018-07-16 16:40:42,036  INFO [main] Type:14 - Type the value [john@does.com] into element [Getgo.Login.TxtEmailAddress.XPATH]
2018-07-16 16:40:46,178  INFO [main] Type:17 - Type Successful!
2018-07-16 16:40:46,178  INFO [main] Click:16 - Click element [Getgo.Login.BtnNext.XPATH]
2018-07-16 16:40:48,476  INFO [main] Click:22 - Click Successful!
2018-07-16 16:40:48,477  INFO [main] Type:21 - Type the value [he*****] into element [Getgo.Login.TxtPassword.XPATH]
2018-07-16 16:40:55,350  INFO [main] Type:24 - Type Successful!
2018-07-16 16:40:55,351  INFO [main] Click:16 - Click element [Getgo.Login.BtnLogin.XPATH]
2018-07-16 16:40:57,686  INFO [main] Click:22 - Click Successful!
2018-07-16 16:40:57,689  INFO [main] Click:16 - Click element [Getgo.Dashboard.BtnMenu.ID]
2018-07-16 16:41:02,747  INFO [main] Click:22 - Click Successful!
2018-07-16 16:41:02,749  INFO [main] Click:26 - Click element [By.xpath: //XCUIElementTypeStaticText[@name='Card Transfer']]
2018-07-16 16:41:07,592  INFO [main] Click:32 - Click Successful!
2018-07-16 16:41:07,605  INFO [main] Type:14 - Type the value [6019990220004855] into element [Getgo.CardTransfer.TxtCard.XPATH]
2018-07-16 16:41:31,507  INFO [main] Type:17 - Type Successful!
2018-07-16 16:41:31,507  INFO [main] Type:14 - Type the value [Eugene Stiedemann] into element [Getgo.CardTransfer.TxtRecipientName.XPATH]
2018-07-16 16:41:38,165  INFO [main] Type:17 - Type Successful!
2018-07-16 16:41:38,165  INFO [main] Type:14 - Type the value [5] into element [Getgo.CardTransfer.TxtAmount.XPATH]
2018-07-16 16:41:58,909  INFO [main] Type:17 - Type Successful!
2018-07-16 16:41:58,909  INFO [main] Click:16 - Click element [Getgo.CardTransfer.BtnCalendar.ID]
2018-07-16 16:41:59,937  INFO [main] Click:22 - Click Successful!
2018-07-16 16:41:59,937  INFO [main] Click:16 - Click element [Getgo.CardTransfer.BtnFrequencyDropdown.ID]
2018-07-16 16:42:00,838  INFO [main] Click:22 - Click Successful!
2018-07-16 16:42:00,838  INFO [main] Click:26 - Click element [By.xpath: //XCUIElementTypeStaticText[@name='One Time Only']]
2018-07-16 16:42:10,976 ERROR [main] Get:38 - Element [By.xpath: //XCUIElementTypeStaticText[@name='One Time Only']] not found!
2018-07-16 16:42:10,993 ERROR [main] StepsBase:23 - S C E N A R I O    F A I L E D !!!!!
2018-07-16 16:42:10,994  INFO [main] Screenshot:20 - Capture screenshot
2018-07-16 16:42:11,423  INFO [main] Screenshot:25 - Captured!
2018-07-16 16:42:11,675  INFO [main] Keywords:48 - Application closed
2018-07-16 16:42:11,725  INFO [main] Test:50 - Report is generates @ emailable-results/Run-63/Automation-Dashboard.html
