2018-07-16 15:08:22,596  INFO [main] RunManager:23 - Hey! ubp, Logging everything from here ....
2018-07-16 15:08:22,599  INFO [main] RunManager:24 - Run ID is --> Run-42
2018-07-16 15:08:22,813  INFO [main] StepsBase:16 - Executing S C E N A R I O : As a tester, I want to be able to login using my credentials so that I can see my account(Virtual Card or Peso+) details
2018-07-16 15:08:28,359  INFO [main] Keywords:41 - Application launched
2018-07-16 15:08:28,369  INFO [main] Click:16 - Click element [Getgo.Welcome.BtnLogin.ID]
2018-07-16 15:08:29,079  INFO [main] Click:22 - Click Successful!
2018-07-16 15:08:29,172  INFO [main] Type:14 - Type the value [(3)Evelyn.dhamodaran@unionbankph.com] into element [Getgo.Login.TxtEmailAddress.XPATH]
2018-07-16 15:08:33,429  INFO [main] Type:17 - Type Successful!
2018-07-16 15:08:33,429  INFO [main] Click:16 - Click element [Getgo.Login.BtnNext.XPATH]
2018-07-16 15:08:35,700  INFO [main] Click:22 - Click Successful!
2018-07-16 15:08:35,702  INFO [main] Type:21 - Type the value [he*****] into element [Getgo.Login.TxtPassword.XPATH]
2018-07-16 15:08:41,699  INFO [main] Type:24 - Type Successful!
2018-07-16 15:08:41,700  INFO [main] Click:16 - Click element [Getgo.Login.BtnLogin.XPATH]
2018-07-16 15:08:44,093  INFO [main] Click:22 - Click Successful!
2018-07-16 15:08:44,112  INFO [main] Verify:16 - Verify element [Getgo.Dashboard.ImgProfilePicture.ID] is present
2018-07-16 15:08:47,773  INFO [main] Verify:18 - Element is present!
2018-07-16 15:08:47,774  INFO [main] Verify:28 - Verify element [Getgo.Dashboard.LblUsername.XPATH] text is matching with [Eve Kanmani]
2018-07-16 15:08:49,847  INFO [main] Verify:36 - Condition verified!
2018-07-16 15:09:01,963  INFO [main] Keywords:48 - Application closed
2018-07-16 15:09:01,964  INFO [main] StepsBase:16 - Executing S C E N A R I O : As a tester, I want to be able to login using my credentials so that I can see my account(Virtual Card or Peso+) details
2018-07-16 15:09:04,093  INFO [main] Keywords:41 - Application launched
2018-07-16 15:09:04,094  INFO [main] Click:16 - Click element [Getgo.Welcome.BtnLogin.ID]
2018-07-16 15:09:04,791  INFO [main] Click:22 - Click Successful!
2018-07-16 15:09:04,792  INFO [main] Type:14 - Type the value [john@does.com] into element [Getgo.Login.TxtEmailAddress.XPATH]
2018-07-16 15:09:08,606  INFO [main] Type:17 - Type Successful!
2018-07-16 15:09:08,607  INFO [main] Click:16 - Click element [Getgo.Login.BtnNext.XPATH]
2018-07-16 15:09:10,877  INFO [main] Click:22 - Click Successful!
2018-07-16 15:09:10,879  INFO [main] Type:21 - Type the value [he*****] into element [Getgo.Login.TxtPassword.XPATH]
2018-07-16 15:09:17,030  INFO [main] Type:24 - Type Successful!
2018-07-16 15:09:17,031  INFO [main] Click:16 - Click element [Getgo.Login.BtnLogin.XPATH]
2018-07-16 15:09:19,327  INFO [main] Click:22 - Click Successful!
2018-07-16 15:09:19,328  INFO [main] Verify:16 - Verify element [Getgo.Dashboard.ImgProfilePicture.ID] is present
2018-07-16 15:09:22,850  INFO [main] Verify:18 - Element is present!
2018-07-16 15:09:22,850  INFO [main] Verify:28 - Verify element [Getgo.Dashboard.LblUsername.XPATH] text is matching with [John Berlin Fuertes]
2018-07-16 15:09:24,269  INFO [main] Verify:36 - Condition verified!
2018-07-16 15:09:36,942  INFO [main] Keywords:48 - Application closed
2018-07-16 15:09:36,943  INFO [main] StepsBase:16 - Executing S C E N A R I O : Validate the fields & texts displayed on the Getgo Welcome & SignUp page
2018-07-16 15:09:39,037  INFO [main] Keywords:41 - Application launched
2018-07-16 15:09:39,038  INFO [main] Verify:16 - Verify element [Getgo.Welcome.ImgLogo.ID] is present
2018-07-16 15:09:39,168  INFO [main] Verify:18 - Element is present!
2018-07-16 15:09:39,169  INFO [main] Verify:28 - Verify element [Getgo.Welcome.LblCaption.XPATH] text is matching with [Now made easier. As simple as Ready, GetGo.]
2018-07-16 15:09:40,082  INFO [main] Verify:36 - Condition verified!
2018-07-16 15:09:40,082  INFO [main] Verify:28 - Verify element [Getgo.Welcome.BtnLogin.ID] text is matching with [LOG IN]
2018-07-16 15:09:40,240  INFO [main] Verify:36 - Condition verified!
2018-07-16 15:09:40,240  INFO [main] Verify:28 - Verify element [Getgo.Welcome.BtnSignUp.ID] text is matching with [SIGN UP]
2018-07-16 15:09:40,408  INFO [main] Verify:36 - Condition verified!
2018-07-16 15:09:40,409  INFO [main] Click:16 - Click element [Getgo.Welcome.BtnSignUp.ID]
2018-07-16 15:09:40,973  INFO [main] Click:22 - Click Successful!
2018-07-16 15:09:40,974  INFO [main] Verify:16 - Verify element [Getgo.SignUp.ImgGetgoCard.ID] is present
2018-07-16 15:09:41,127  INFO [main] Verify:18 - Element is present!
2018-07-16 15:09:41,127  INFO [main] Verify:28 - Verify element [Getgo.SignUp.BtnCreateVirtualCard.XPATH] text is matching with [No]
2018-07-16 15:09:42,394  INFO [main] Verify:36 - Condition verified!
2018-07-16 15:09:42,395  INFO [main] Verify:28 - Verify element [Getgo.SignUp.BtnRegisterPhysicalCard.XPATH] text is matching with [Yes]
2018-07-16 15:09:43,747  INFO [main] Verify:36 - Condition verified!
2018-07-16 15:09:43,748  INFO [main] Verify:28 - Verify element [Getgo.SignUp.LblCaption1.XPATH] text is matching with [Do you have a GetGo Peso Plus Card?]
2018-07-16 15:09:45,083  INFO [main] Verify:36 - Condition verified!
2018-07-16 15:09:45,083  INFO [main] Verify:28 - Verify element [Getgo.SignUp.LblCaption2.XPATH] text is matching with [Start shopping online by creating your GetGo Virtual Prepaid Card. Or register your Peso + Prepaid Card now.]
2018-07-16 15:09:46,428  INFO [main] Verify:36 - Condition verified!
2018-07-16 15:09:46,688  INFO [main] Keywords:48 - Application closed
2018-07-16 15:09:46,689  INFO [main] StepsBase:16 - Executing S C E N A R I O : Validate the fields & texts displayed on the Getgo Login page
2018-07-16 15:09:48,759  INFO [main] Keywords:41 - Application launched
2018-07-16 15:09:48,760  INFO [main] Click:16 - Click element [Getgo.Welcome.BtnLogin.ID]
2018-07-16 15:09:49,413  INFO [main] Click:22 - Click Successful!
2018-07-16 15:09:49,414  INFO [main] Verify:16 - Verify element [Getgo.Login.BtnBack.XPATH] is present
2018-07-16 15:09:50,454  INFO [main] Verify:18 - Element is present!
2018-07-16 15:09:50,466  INFO [main] Verify:22 - Verify element [By.xpath: //XCUIElementTypeStaticText[@name='Login']] is present
2018-07-16 15:09:51,464  INFO [main] Verify:24 - Element is present!
2018-07-16 15:09:51,464  INFO [main] Verify:28 - Verify element [Getgo.Login.LblCaption.XPATH] text is matching with [Now made easier. As simple as Ready, GetGo.]
2018-07-16 15:09:52,522  INFO [main] Verify:36 - Condition verified!
2018-07-16 15:09:52,522  INFO [main] Verify:28 - Verify element [Getgo.Login.TxtEmailAddress.XPATH] text is matching with [Email]
2018-07-16 15:09:53,673  INFO [main] Verify:36 - Condition verified!
2018-07-16 15:09:53,673  INFO [main] Verify:22 - Verify element [By.xpath: //XCUIElementTypeStaticText[@name='Forgot your password?']] is present
2018-07-16 15:10:03,969 ERROR [main] Get:38 - Element [By.xpath: //XCUIElementTypeStaticText[@name='Forgot your password?']] not found!
2018-07-16 15:10:03,982 ERROR [main] StepsBase:23 - S C E N A R I O    F A I L E D !!!!!
2018-07-16 15:10:03,983  INFO [main] Screenshot:20 - Capture screenshot
2018-07-16 15:10:04,259  INFO [main] Screenshot:25 - Captured!
2018-07-16 15:10:04,538  INFO [main] Keywords:48 - Application closed
2018-07-16 15:10:04,588  INFO [main] Test:50 - Report is generates @ emailable-results/Run-42/Automation-Dashboard.html
