2018-07-16 14:00:32,300  INFO [main] RunManager:23 - Hey! ubp, Logging everything from here ....
2018-07-16 14:00:32,303  INFO [main] RunManager:24 - Run ID is --> Run-39
2018-07-16 14:00:32,491  INFO [main] StepsBase:16 - Executing S C E N A R I O : As a tester, I want to complete a funds transfer transaction so that I can pass on funds to another cardholder (Add recipient from saved list).
2018-07-16 14:00:57,458  INFO [main] Keywords:41 - Application launched
2018-07-16 14:00:57,545  INFO [main] Click:16 - Click element [Getgo.Welcome.BtnLogin.ID]
2018-07-16 14:00:58,357  INFO [main] Click:22 - Click Successful!
2018-07-16 14:00:58,367  INFO [main] Type:14 - Type the value [john@does.com] into element [Getgo.Login.TxtEmailAddress.XPATH]
2018-07-16 14:01:00,416  INFO [main] Type:17 - Type Successful!
2018-07-16 14:01:00,417  INFO [main] Click:16 - Click element [Getgo.Login.BtnNext.XPATH]
2018-07-16 14:01:01,520  INFO [main] Click:22 - Click Successful!
2018-07-16 14:01:01,522  INFO [main] Type:21 - Type the value [he*****] into element [Getgo.Login.TxtPassword.XPATH]
2018-07-16 14:01:05,708  INFO [main] Type:24 - Type Successful!
2018-07-16 14:01:05,719  INFO [main] Click:16 - Click element [Getgo.Login.BtnLogin.XPATH]
2018-07-16 14:01:06,401  INFO [main] Click:22 - Click Successful!
2018-07-16 14:01:06,410  INFO [main] Click:16 - Click element [Getgo.Dashboard.BtnMenu.ID]
2018-07-16 14:01:11,049  INFO [main] Click:22 - Click Successful!
2018-07-16 14:01:11,052  INFO [main] Click:26 - Click element [By.xpath: //android.widget.CheckedTextView[@text='Card transfer']]
2018-07-16 14:01:12,174  INFO [main] Click:32 - Click Successful!
2018-07-16 14:01:12,190  INFO [main] Click:16 - Click element [Getgo.CardTransfer.BtnAddRecipient.ID]
2018-07-16 14:01:13,540  INFO [main] Click:22 - Click Successful!
2018-07-16 14:01:26,044  INFO [main] Click:26 - Click element [By.xpath: //android.widget.TextView[@text='testtransfer']]
2018-07-16 14:01:26,201  INFO [main] Click:32 - Click Successful!
2018-07-16 14:01:26,202  INFO [main] Type:14 - Type the value [5] into element [Getgo.CardTransfer.TxtAmount.XPATH]
2018-07-16 14:01:28,070  INFO [main] Type:17 - Type Successful!
2018-07-16 14:01:28,071  INFO [main] Click:16 - Click element [Getgo.CardTransfer.BtnCalendar.ID]
2018-07-16 14:01:28,697  INFO [main] Click:22 - Click Successful!
2018-07-16 14:01:28,697  INFO [main] Click:16 - Click element [Getgo.CardTransfer.BtnAndroidDatePickerOk.ID]
2018-07-16 14:01:29,552  INFO [main] Click:22 - Click Successful!
2018-07-16 14:01:29,552  INFO [main] Click:16 - Click element [Getgo.CardTransfer.BtnFrequencyDropdown.ID]
2018-07-16 14:01:30,758  INFO [main] Click:22 - Click Successful!
2018-07-16 14:01:30,758  INFO [main] Click:26 - Click element [By.xpath: //android.widget.TextView[@text='One Time Only']]
2018-07-16 14:01:32,425  INFO [main] Click:32 - Click Successful!
2018-07-16 14:01:32,425  INFO [main] Type:14 - Type the value [Automation Transaction!] into element [Getgo.CardTransfer.TxtMessage.XPATH]
2018-07-16 14:01:33,093  INFO [main] Type:17 - Type Successful!
2018-07-16 14:01:33,652  INFO [main] Click:16 - Click element [Getgo.CardTransfer.BtnNext.ID]
2018-07-16 14:01:33,743  INFO [main] Click:22 - Click Successful!
2018-07-16 14:01:33,744  INFO [main] Verify:64 - Verify element [By.xpath: //android.widget.TextView[contains(@text,'John')]] text is matching with [John Berlin Fuertes]
2018-07-16 14:01:35,018  INFO [main] Verify:72 - Condition verified!
2018-07-16 14:01:35,018  INFO [main] Verify:64 - Verify element [By.xpath: //android.widget.TextView[contains(@text,'****')]] text is matching with [**** **** **** 5506]
2018-07-16 14:01:35,109  INFO [main] Verify:72 - Condition verified!
2018-07-16 14:01:35,110  INFO [main] Verify:64 - Verify element [By.xpath: //android.widget.TextView[contains(@text,'test')]] text is matching with [testtransfer]
2018-07-16 14:01:35,218  INFO [main] Verify:72 - Condition verified!
2018-07-16 14:01:35,219  INFO [main] Verify:64 - Verify element [By.xpath: //android.widget.TextView[contains(@text,'6019')]] text is matching with [6019990220004855]
2018-07-16 14:01:35,301  INFO [main] Verify:72 - Condition verified!
2018-07-16 14:01:35,398  INFO [main] Verify:64 - Verify element [By.xpath: //android.widget.TextView[@text='July 16, 2018']] text is matching with [July 16, 2018]
2018-07-16 14:01:35,517  INFO [main] Verify:72 - Condition verified!
2018-07-16 14:01:35,517  INFO [main] Click:16 - Click element [Getgo.CardTransferReview.BtnTransfer.XPATH]
2018-07-16 14:01:35,582  INFO [main] Click:22 - Click Successful!
2018-07-16 14:01:35,584  INFO [main] Verify:22 - Verify element [By.xpath: //android.widget.TextView[@text='Congratulations!']] is present
2018-07-16 14:01:40,202  INFO [main] Verify:24 - Element is present!
2018-07-16 14:01:40,219  INFO [main] Verify:22 - Verify element [By.xpath: //android.widget.TextView[@text='You have successfully transfer fund.']] is present
2018-07-16 14:01:40,273  INFO [main] Verify:24 - Element is present!
2018-07-16 14:01:40,273  INFO [main] Click:16 - Click element [Getgo.CardTransferSuccess.BtnViewDetails.XPATH]
2018-07-16 14:01:40,344  INFO [main] Click:22 - Click Successful!
2018-07-16 14:01:55,979 ERROR [main] Get:26 - Element [Getgo.Activities.LblReferenceNumber.ID] not found!
2018-07-16 14:01:55,985 ERROR [main] StepsBase:23 - S C E N A R I O    F A I L E D !!!!!
2018-07-16 14:01:55,986  INFO [main] Screenshot:20 - Capture screenshot
2018-07-16 14:01:56,513  INFO [main] Screenshot:25 - Captured!
2018-07-16 14:01:57,939  INFO [main] Keywords:48 - Application closed
2018-07-16 14:01:57,940  INFO [main] StepsBase:16 - Executing S C E N A R I O : As a tester, I want to complete a funds transfer transaction so that I can pass on funds to another cardholder.
2018-07-16 14:02:04,119  INFO [main] Keywords:41 - Application launched
2018-07-16 14:02:04,155  INFO [main] Click:16 - Click element [Getgo.Welcome.BtnLogin.ID]
2018-07-16 14:02:04,603  INFO [main] Click:22 - Click Successful!
2018-07-16 14:02:04,603  INFO [main] Type:14 - Type the value [john@does.com] into element [Getgo.Login.TxtEmailAddress.XPATH]
2018-07-16 14:02:06,699  INFO [main] Type:17 - Type Successful!
2018-07-16 14:02:06,700  INFO [main] Click:16 - Click element [Getgo.Login.BtnNext.XPATH]
2018-07-16 14:02:07,448  INFO [main] Click:22 - Click Successful!
2018-07-16 14:02:07,452  INFO [main] Type:21 - Type the value [he*****] into element [Getgo.Login.TxtPassword.XPATH]
2018-07-16 14:02:11,567  INFO [main] Type:24 - Type Successful!
2018-07-16 14:02:11,568  INFO [main] Click:16 - Click element [Getgo.Login.BtnLogin.XPATH]
2018-07-16 14:02:12,295  INFO [main] Click:22 - Click Successful!
2018-07-16 14:02:12,297  INFO [main] Click:16 - Click element [Getgo.Dashboard.BtnMenu.ID]
2018-07-16 14:02:17,483  INFO [main] Click:22 - Click Successful!
2018-07-16 14:02:17,483  INFO [main] Click:26 - Click element [By.xpath: //android.widget.CheckedTextView[@text='Card transfer']]
2018-07-16 14:02:18,483  INFO [main] Click:32 - Click Successful!
2018-07-16 14:02:18,484  INFO [main] Type:14 - Type the value [6019990220004855] into element [Getgo.CardTransfer.TxtCard.XPATH]
2018-07-16 14:02:20,647  INFO [main] Type:17 - Type Successful!
2018-07-16 14:02:20,648  INFO [main] Type:14 - Type the value [Shanna Mayer] into element [Getgo.CardTransfer.TxtRecipientName.XPATH]
2018-07-16 14:02:22,055  INFO [main] Type:17 - Type Successful!
2018-07-16 14:02:22,055  INFO [main] Type:14 - Type the value [5] into element [Getgo.CardTransfer.TxtAmount.XPATH]
2018-07-16 14:02:23,398  INFO [main] Type:17 - Type Successful!
2018-07-16 14:02:23,399  INFO [main] Click:16 - Click element [Getgo.CardTransfer.BtnCalendar.ID]
2018-07-16 14:02:24,030  INFO [main] Click:22 - Click Successful!
2018-07-16 14:02:24,030  INFO [main] Click:16 - Click element [Getgo.CardTransfer.BtnAndroidDatePickerOk.ID]
2018-07-16 14:02:24,991  INFO [main] Click:22 - Click Successful!
2018-07-16 14:02:24,991  INFO [main] Click:16 - Click element [Getgo.CardTransfer.BtnFrequencyDropdown.ID]
2018-07-16 14:02:26,168  INFO [main] Click:22 - Click Successful!
2018-07-16 14:02:26,169  INFO [main] Click:26 - Click element [By.xpath: //android.widget.TextView[@text='One Time Only']]
2018-07-16 14:02:27,811  INFO [main] Click:32 - Click Successful!
2018-07-16 14:02:27,811  INFO [main] Type:14 - Type the value [Automation Transaction!] into element [Getgo.CardTransfer.TxtMessage.XPATH]
2018-07-16 14:02:28,501  INFO [main] Type:17 - Type Successful!
2018-07-16 14:02:29,060  INFO [main] Click:16 - Click element [Getgo.CardTransfer.BtnNext.ID]
2018-07-16 14:02:29,140  INFO [main] Click:22 - Click Successful!
2018-07-16 14:02:29,141  INFO [main] Verify:64 - Verify element [By.xpath: //android.widget.TextView[contains(@text,'John')]] text is matching with [John Berlin Fuertes]
2018-07-16 14:02:30,397  INFO [main] Verify:72 - Condition verified!
2018-07-16 14:02:30,397  INFO [main] Verify:64 - Verify element [By.xpath: //android.widget.TextView[contains(@text,'****')]] text is matching with [**** **** **** 5506]
2018-07-16 14:02:30,495  INFO [main] Verify:72 - Condition verified!
2018-07-16 14:02:30,496  INFO [main] Verify:64 - Verify element [By.xpath: //android.widget.TextView[contains(@text,'Shan')]] text is matching with [Shanna Mayer]
2018-07-16 14:02:30,599  INFO [main] Verify:72 - Condition verified!
2018-07-16 14:02:30,599  INFO [main] Verify:64 - Verify element [By.xpath: //android.widget.TextView[contains(@text,'6019')]] text is matching with [6019990220004855]
2018-07-16 14:02:30,693  INFO [main] Verify:72 - Condition verified!
2018-07-16 14:02:30,775  INFO [main] Verify:64 - Verify element [By.xpath: //android.widget.TextView[@text='July 16, 2018']] text is matching with [July 16, 2018]
2018-07-16 14:02:30,874  INFO [main] Verify:72 - Condition verified!
2018-07-16 14:02:30,874  INFO [main] Click:16 - Click element [Getgo.CardTransferReview.BtnTransfer.XPATH]
2018-07-16 14:02:30,950  INFO [main] Click:22 - Click Successful!
2018-07-16 14:02:30,951  INFO [main] Verify:22 - Verify element [By.xpath: //android.widget.TextView[@text='Congratulations!']] is present
2018-07-16 14:02:35,579  INFO [main] Verify:24 - Element is present!
2018-07-16 14:02:35,579  INFO [main] Verify:22 - Verify element [By.xpath: //android.widget.TextView[@text='You have successfully transfer fund.']] is present
2018-07-16 14:02:35,615  INFO [main] Verify:24 - Element is present!
2018-07-16 14:02:35,615  INFO [main] Click:16 - Click element [Getgo.CardTransferSuccess.BtnViewDetails.XPATH]
2018-07-16 14:02:35,705  INFO [main] Click:22 - Click Successful!
2018-07-16 14:02:50,904 ERROR [main] Get:26 - Element [Getgo.Activities.LblReferenceNumber.ID] not found!
2018-07-16 14:02:50,913 ERROR [main] StepsBase:23 - S C E N A R I O    F A I L E D !!!!!
2018-07-16 14:02:50,913  INFO [main] Screenshot:20 - Capture screenshot
2018-07-16 14:02:51,433  INFO [main] Screenshot:25 - Captured!
2018-07-16 14:02:52,902  INFO [main] Keywords:48 - Application closed
2018-07-16 14:02:52,905  INFO [main] StepsBase:16 - Executing S C E N A R I O : As a tester, I want to be able to login using my credentials so that I can see my account(Virtual Card or Peso+) details
2018-07-16 14:02:58,671  INFO [main] Keywords:41 - Application launched
2018-07-16 14:02:58,673  INFO [main] Click:16 - Click element [Getgo.Welcome.BtnLogin.ID]
2018-07-16 14:02:59,148  INFO [main] Click:22 - Click Successful!
2018-07-16 14:02:59,150  INFO [main] Type:14 - Type the value [(3)Evelyn.dhamodaran@unionbankph.com] into element [Getgo.Login.TxtEmailAddress.XPATH]
2018-07-16 14:03:01,460  INFO [main] Type:17 - Type Successful!
2018-07-16 14:03:01,461  INFO [main] Click:16 - Click element [Getgo.Login.BtnNext.XPATH]
2018-07-16 14:03:02,196  INFO [main] Click:22 - Click Successful!
2018-07-16 14:03:02,197  INFO [main] Type:21 - Type the value [he*****] into element [Getgo.Login.TxtPassword.XPATH]
2018-07-16 14:03:06,415  INFO [main] Type:24 - Type Successful!
2018-07-16 14:03:06,416  INFO [main] Click:16 - Click element [Getgo.Login.BtnLogin.XPATH]
2018-07-16 14:03:07,091  INFO [main] Click:22 - Click Successful!
2018-07-16 14:03:07,092  INFO [main] Verify:16 - Verify element [Getgo.Dashboard.ImgProfilePicture.ID] is present
2018-07-16 14:03:13,244  INFO [main] Verify:18 - Element is present!
2018-07-16 14:03:13,244  INFO [main] Verify:28 - Verify element [Getgo.Dashboard.LblUsername.ID] text is matching with [Eve Kanmani]
2018-07-16 14:03:13,307  INFO [main] Verify:36 - Condition verified!
2018-07-16 14:03:21,148  INFO [main] Keywords:48 - Application closed
2018-07-16 14:03:21,149  INFO [main] StepsBase:16 - Executing S C E N A R I O : As a tester, I want to be able to login using my credentials so that I can see my account(Virtual Card or Peso+) details
2018-07-16 14:03:27,013  INFO [main] Keywords:41 - Application launched
2018-07-16 14:03:27,015  INFO [main] Click:16 - Click element [Getgo.Welcome.BtnLogin.ID]
2018-07-16 14:03:27,498  INFO [main] Click:22 - Click Successful!
2018-07-16 14:03:27,499  INFO [main] Type:14 - Type the value [john@does.com] into element [Getgo.Login.TxtEmailAddress.XPATH]
2018-07-16 14:03:29,537  INFO [main] Type:17 - Type Successful!
2018-07-16 14:03:29,537  INFO [main] Click:16 - Click element [Getgo.Login.BtnNext.XPATH]
2018-07-16 14:03:30,288  INFO [main] Click:22 - Click Successful!
2018-07-16 14:03:30,289  INFO [main] Type:21 - Type the value [he*****] into element [Getgo.Login.TxtPassword.XPATH]
2018-07-16 14:03:34,939  INFO [main] Type:24 - Type Successful!
2018-07-16 14:03:34,940  INFO [main] Click:16 - Click element [Getgo.Login.BtnLogin.XPATH]
2018-07-16 14:03:35,675  INFO [main] Click:22 - Click Successful!
2018-07-16 14:03:35,676  INFO [main] Verify:16 - Verify element [Getgo.Dashboard.ImgProfilePicture.ID] is present
2018-07-16 14:03:40,831  INFO [main] Verify:18 - Element is present!
2018-07-16 14:03:40,831  INFO [main] Verify:28 - Verify element [Getgo.Dashboard.LblUsername.ID] text is matching with [John Berlin Fuertes]
2018-07-16 14:03:40,893  INFO [main] Verify:36 - Condition verified!
2018-07-16 14:03:46,791  INFO [main] Keywords:48 - Application closed
2018-07-16 14:03:46,792  INFO [main] StepsBase:16 - Executing S C E N A R I O : As a tester, I want to add new recipients and tag some of them as favorites so that I can keep a list of recipients (From Card transfer page)
2018-07-16 14:03:52,603  INFO [main] Keywords:41 - Application launched
2018-07-16 14:03:52,604  INFO [main] Click:16 - Click element [Getgo.Welcome.BtnLogin.ID]
2018-07-16 14:03:53,124  INFO [main] Click:22 - Click Successful!
2018-07-16 14:03:53,125  INFO [main] Type:14 - Type the value [john@does.com] into element [Getgo.Login.TxtEmailAddress.XPATH]
2018-07-16 14:03:55,105  INFO [main] Type:17 - Type Successful!
2018-07-16 14:03:55,106  INFO [main] Click:16 - Click element [Getgo.Login.BtnNext.XPATH]
2018-07-16 14:03:55,840  INFO [main] Click:22 - Click Successful!
2018-07-16 14:03:55,841  INFO [main] Type:21 - Type the value [he*****] into element [Getgo.Login.TxtPassword.XPATH]
2018-07-16 14:03:59,950  INFO [main] Type:24 - Type Successful!
2018-07-16 14:03:59,951  INFO [main] Click:16 - Click element [Getgo.Login.BtnLogin.XPATH]
2018-07-16 14:04:00,679  INFO [main] Click:22 - Click Successful!
2018-07-16 14:04:00,681  INFO [main] Click:16 - Click element [Getgo.Dashboard.BtnMenu.ID]
2018-07-16 14:04:05,719  INFO [main] Click:22 - Click Successful!
2018-07-16 14:04:05,719  INFO [main] Click:26 - Click element [By.xpath: //android.widget.CheckedTextView[@text='Card transfer']]
2018-07-16 14:04:06,693  INFO [main] Click:32 - Click Successful!
2018-07-16 14:04:06,705  INFO [main] Click:16 - Click element [Getgo.CardTransfer.BtnAddRecipient.ID]
2018-07-16 14:04:08,093  INFO [main] Click:22 - Click Successful!
2018-07-16 14:04:08,095  INFO [main] Click:16 - Click element [Getgo.ManageRecipient.BtnAdd.ID]
2018-07-16 14:04:09,357  INFO [main] Click:22 - Click Successful!
2018-07-16 14:04:09,357  INFO [main] Type:14 - Type the value [9656793668163996] into element [Getgo.ManageRecipient.TxtCard.ID]
2018-07-16 14:04:11,311  INFO [main] Type:17 - Type Successful!
2018-07-16 14:04:11,311  INFO [main] Type:14 - Type the value [Ramiro Mann] into element [Getgo.ManageRecipient.TxtRecipientName.ID]
2018-07-16 14:04:12,676  INFO [main] Type:17 - Type Successful!
2018-07-16 14:04:12,677  INFO [main] Click:16 - Click element [Getgo.ManageRecipient.BtnSave.ID]
2018-07-16 14:04:13,325  INFO [main] Click:22 - Click Successful!
2018-07-16 14:04:51,092  INFO [main] Click:16 - Click element [Getgo.ManageRecipient.BtnBack.XPATH]
2018-07-16 14:04:52,793  INFO [main] Click:22 - Click Successful!
2018-07-16 14:04:52,794  INFO [main] Click:16 - Click element [Getgo.CardTransfer.BtnAddRecipient.ID]
2018-07-16 14:04:53,968  INFO [main] Click:22 - Click Successful!
2018-07-16 14:04:53,969  INFO [main] Verify:22 - Verify element [By.xpath: //android.widget.TextView[@text='9656793668163996']] is present
2018-07-16 14:04:55,473  INFO [main] Verify:24 - Element is present!
2018-07-16 14:04:56,818  INFO [main] Keywords:48 - Application closed
2018-07-16 14:04:56,819  INFO [main] StepsBase:16 - Executing S C E N A R I O : As a tester, I want to add new recipients and tag some of them as favorites so that I can keep a list of recipients (From Beneficiaries page)
2018-07-16 14:05:02,904  INFO [main] Keywords:41 - Application launched
2018-07-16 14:05:02,904  INFO [main] Click:16 - Click element [Getgo.Welcome.BtnLogin.ID]
2018-07-16 14:05:03,384  INFO [main] Click:22 - Click Successful!
2018-07-16 14:05:03,384  INFO [main] Type:14 - Type the value [john@does.com] into element [Getgo.Login.TxtEmailAddress.XPATH]
2018-07-16 14:05:05,413  INFO [main] Type:17 - Type Successful!
2018-07-16 14:05:05,413  INFO [main] Click:16 - Click element [Getgo.Login.BtnNext.XPATH]
2018-07-16 14:05:06,161  INFO [main] Click:22 - Click Successful!
2018-07-16 14:05:06,161  INFO [main] Type:21 - Type the value [he*****] into element [Getgo.Login.TxtPassword.XPATH]
2018-07-16 14:05:10,322  INFO [main] Type:24 - Type Successful!
2018-07-16 14:05:10,323  INFO [main] Click:16 - Click element [Getgo.Login.BtnLogin.XPATH]
2018-07-16 14:05:11,039  INFO [main] Click:22 - Click Successful!
2018-07-16 14:05:11,041  INFO [main] Click:16 - Click element [Getgo.Dashboard.BtnMenu.ID]
2018-07-16 14:05:16,060  INFO [main] Click:22 - Click Successful!
2018-07-16 14:05:16,060  INFO [main] Click:26 - Click element [By.xpath: //android.widget.CheckedTextView[@text='Beneficiaries']]
2018-07-16 14:05:17,054  INFO [main] Click:32 - Click Successful!
2018-07-16 14:05:17,055  INFO [main] Click:16 - Click element [Getgo.ManageRecipient.BtnAdd.ID]
2018-07-16 14:05:18,320  INFO [main] Click:22 - Click Successful!
2018-07-16 14:05:18,320  INFO [main] Type:14 - Type the value [8415413130895930] into element [Getgo.ManageRecipient.TxtCard.ID]
2018-07-16 14:05:20,297  INFO [main] Type:17 - Type Successful!
2018-07-16 14:05:20,297  INFO [main] Type:14 - Type the value [Newton Harvey] into element [Getgo.ManageRecipient.TxtRecipientName.ID]
2018-07-16 14:05:21,664  INFO [main] Type:17 - Type Successful!
2018-07-16 14:05:21,664  INFO [main] Click:16 - Click element [Getgo.ManageRecipient.BtnSave.ID]
2018-07-16 14:05:22,319  INFO [main] Click:22 - Click Successful!
2018-07-16 14:05:59,637  INFO [main] Click:16 - Click element [Getgo.ManageRecipient.BtnBack.XPATH]
2018-07-16 14:06:01,529  INFO [main] Click:22 - Click Successful!
2018-07-16 14:06:01,530  INFO [main] Click:26 - Click element [By.xpath: //android.widget.CheckedTextView[@text='Beneficiaries']]
2018-07-16 14:06:02,883  INFO [main] Click:32 - Click Successful!
2018-07-16 14:06:02,884  INFO [main] Verify:22 - Verify element [By.xpath: //android.widget.TextView[@text='8415413130895930']] is present
2018-07-16 14:06:04,393  INFO [main] Verify:24 - Element is present!
2018-07-16 14:06:05,720  INFO [main] Keywords:48 - Application closed
2018-07-16 14:06:05,721  INFO [main] StepsBase:16 - Executing S C E N A R I O : Validate the fields & texts displayed on the Getgo Welcome & SignUp page
2018-07-16 14:06:11,607  INFO [main] Keywords:41 - Application launched
2018-07-16 14:06:11,608  INFO [main] Verify:16 - Verify element [Getgo.Welcome.ImgLogo.ID] is present
2018-07-16 14:06:12,067  INFO [main] Verify:18 - Element is present!
2018-07-16 14:06:12,068  INFO [main] Verify:28 - Verify element [Getgo.Welcome.LblCaption.XPATH] text is matching with [Now made easier. As simple as Ready, GetGo.]
2018-07-16 14:06:12,121  INFO [main] Verify:36 - Condition verified!
2018-07-16 14:06:12,121  INFO [main] Verify:28 - Verify element [Getgo.Welcome.BtnLogin.ID] text is matching with [LOG IN]
2018-07-16 14:06:12,158  INFO [main] Verify:36 - Condition verified!
2018-07-16 14:06:12,158  INFO [main] Verify:28 - Verify element [Getgo.Welcome.BtnSignUp.ID] text is matching with [SIGN UP]
2018-07-16 14:06:12,206  INFO [main] Verify:36 - Condition verified!
2018-07-16 14:06:12,206  INFO [main] Click:16 - Click element [Getgo.Welcome.BtnSignUp.ID]
2018-07-16 14:06:12,280  INFO [main] Click:22 - Click Successful!
2018-07-16 14:06:12,281  INFO [main] Verify:16 - Verify element [Getgo.SignUp.ImgGetgoCard.ID] is present
2018-07-16 14:06:12,416  INFO [main] Verify:18 - Element is present!
2018-07-16 14:06:12,416  INFO [main] Verify:28 - Verify element [Getgo.SignUp.BtnCreateVirtualCard.XPATH] text is matching with [No]
2018-07-16 14:06:13,297  INFO [main] Verify:36 - Condition verified!
2018-07-16 14:06:13,297  INFO [main] Verify:28 - Verify element [Getgo.SignUp.BtnRegisterPhysicalCard.XPATH] text is matching with [Yes]
2018-07-16 14:06:13,349  INFO [main] Verify:36 - Condition verified!
2018-07-16 14:06:13,350  INFO [main] Verify:28 - Verify element [Getgo.SignUp.LblCaption1.XPATH] text is matching with [Do you have a GetGo Peso Plus Card?]
2018-07-16 14:06:13,400  INFO [main] Verify:36 - Condition verified!
2018-07-16 14:06:13,400  INFO [main] Verify:28 - Verify element [Getgo.SignUp.LblCaption2.XPATH] text is matching with [Start shopping online by creating your GetGo Virtual Prepaid Card. Or register your Peso + Prepaid Card now.]
2018-07-16 14:06:13,454  INFO [main] Verify:36 - Condition verified!
2018-07-16 14:06:14,749  INFO [main] Keywords:48 - Application closed
2018-07-16 14:06:14,749  INFO [main] StepsBase:16 - Executing S C E N A R I O : Validate the fields & texts displayed on the Getgo Login page
2018-07-16 14:06:20,510  INFO [main] Keywords:41 - Application launched
2018-07-16 14:06:20,511  INFO [main] Click:16 - Click element [Getgo.Welcome.BtnLogin.ID]
2018-07-16 14:06:20,990  INFO [main] Click:22 - Click Successful!
2018-07-16 14:06:20,991  INFO [main] Verify:16 - Verify element [Getgo.Login.BtnBack.XPATH] is present
2018-07-16 14:06:22,251  INFO [main] Verify:18 - Element is present!
2018-07-16 14:06:23,612  INFO [main] Verify:22 - Verify element [By.xpath: //android.widget.TextView[@text='Login']] is present
2018-07-16 14:06:24,238  INFO [main] Verify:24 - Element is present!
2018-07-16 14:06:24,238  INFO [main] Verify:28 - Verify element [Getgo.Login.LblCaption.XPATH] text is matching with [Enter your registered email address]
2018-07-16 14:06:24,308  INFO [main] Verify:36 - Condition verified!
2018-07-16 14:06:24,308  INFO [main] Verify:28 - Verify element [Getgo.Login.TxtEmailAddress.XPATH] text is matching with [Email address]
2018-07-16 14:06:24,367  INFO [main] Verify:36 - Condition verified!
2018-07-16 14:06:24,368  INFO [main] Verify:22 - Verify element [By.xpath: //android.widget.TextView[@text='Forgot your password?']] is present
2018-07-16 14:06:24,404  INFO [main] Verify:24 - Element is present!
2018-07-16 14:06:24,404  INFO [main] Verify:28 - Verify element [Getgo.Login.BtnNext.XPATH] text is matching with [NEXT]
2018-07-16 14:06:24,461  INFO [main] Verify:36 - Condition verified!
2018-07-16 14:06:24,462  INFO [main] Verify:22 - Verify element [By.xpath: //android.widget.TextView[@text='Don’t have an account? SIGN UP NOW!']] is present
2018-07-16 14:06:24,504  INFO [main] Verify:24 - Element is present!
2018-07-16 14:06:24,504  INFO [main] Type:14 - Type the value [john@does.com] into element [Getgo.Login.TxtEmailAddress.XPATH]
2018-07-16 14:06:25,216  INFO [main] Type:17 - Type Successful!
2018-07-16 14:06:25,217  INFO [main] Click:16 - Click element [Getgo.Login.BtnNext.XPATH]
2018-07-16 14:06:25,884  INFO [main] Click:22 - Click Successful!
2018-07-16 14:06:25,885  INFO [main] Verify:16 - Verify element [Getgo.Login.TogglePasswordVisibility.ID] is present
2018-07-16 14:06:29,385  INFO [main] Verify:18 - Element is present!
2018-07-16 14:06:30,675  INFO [main] Verify:16 - Verify element [Getgo.Login.BtnBack.XPATH] is present
2018-07-16 14:06:31,310  INFO [main] Verify:18 - Element is present!
2018-07-16 14:06:31,310  INFO [main] Verify:22 - Verify element [By.xpath: //android.widget.TextView[@text='Login']] is present
2018-07-16 14:06:31,359  INFO [main] Verify:24 - Element is present!
2018-07-16 14:06:31,359  INFO [main] Verify:28 - Verify element [Getgo.Login.LblCaption.XPATH] text is matching with [Enter your password]
2018-07-16 14:06:31,426  INFO [main] Verify:36 - Condition verified!
2018-07-16 14:06:31,427  INFO [main] Verify:28 - Verify element [Getgo.Login.TxtPassword.XPATH] text is matching with [Password]
2018-07-16 14:06:31,484  INFO [main] Verify:36 - Condition verified!
2018-07-16 14:06:31,485  INFO [main] Verify:22 - Verify element [By.xpath: //android.widget.TextView[@text='Having problems with your account?']] is present
2018-07-16 14:06:31,521  INFO [main] Verify:24 - Element is present!
2018-07-16 14:06:31,521  INFO [main] Verify:28 - Verify element [Getgo.Login.BtnLogin.XPATH] text is matching with [LOGIN]
2018-07-16 14:06:31,570  INFO [main] Verify:36 - Condition verified!
2018-07-16 14:06:32,871  INFO [main] Keywords:48 - Application closed
2018-07-16 14:06:34,206  INFO [main] Test:50 - Report is generates @ emailable-results/Run-39/Automation-Dashboard.html
