2018-07-16 16:50:38,233  INFO [main] RunManager:23 - Hey! ubp, Logging everything from here ....
2018-07-16 16:50:38,236  INFO [main] RunManager:24 - Run ID is --> Run-64
2018-07-16 16:50:38,426  INFO [main] StepsBase:16 - Executing S C E N A R I O : As a tester, I want to complete a funds transfer transaction so that I can pass on funds to another cardholder.
2018-07-16 16:50:43,087  INFO [main] Keywords:42 - Application launched
2018-07-16 16:50:43,108  INFO [main] Click:16 - Click element [Getgo.Welcome.BtnLogin.ID]
2018-07-16 16:50:43,812  INFO [main] Click:22 - Click Successful!
2018-07-16 16:50:43,819  INFO [main] Type:14 - Type the value [john@does.com] into element [Getgo.Login.TxtEmailAddress.XPATH]
2018-07-16 16:50:47,654  INFO [main] Type:17 - Type Successful!
2018-07-16 16:50:47,654  INFO [main] Click:16 - Click element [Getgo.Login.BtnNext.XPATH]
2018-07-16 16:50:49,904  INFO [main] Click:22 - Click Successful!
2018-07-16 16:50:49,906  INFO [main] Type:21 - Type the value [he*****] into element [Getgo.Login.TxtPassword.XPATH]
2018-07-16 16:50:55,925  INFO [main] Type:24 - Type Successful!
2018-07-16 16:50:55,926  INFO [main] Click:16 - Click element [Getgo.Login.BtnLogin.XPATH]
2018-07-16 16:50:58,240  INFO [main] Click:22 - Click Successful!
2018-07-16 16:50:58,244  INFO [main] Click:16 - Click element [Getgo.Dashboard.BtnMenu.ID]
2018-07-16 16:51:02,395  INFO [main] Click:22 - Click Successful!
2018-07-16 16:51:02,396  INFO [main] Click:26 - Click element [By.xpath: //XCUIElementTypeStaticText[@name='Card Transfer']]
2018-07-16 16:51:07,198  INFO [main] Click:32 - Click Successful!
2018-07-16 16:51:07,216  INFO [main] Type:14 - Type the value [6019990220004855] into element [Getgo.CardTransfer.TxtCard.XPATH]
2018-07-16 16:51:30,487  INFO [main] Type:17 - Type Successful!
2018-07-16 16:51:30,487  INFO [main] Type:14 - Type the value [Milford Hane] into element [Getgo.CardTransfer.TxtRecipientName.XPATH]
2018-07-16 16:51:36,984  INFO [main] Type:17 - Type Successful!
2018-07-16 16:51:36,984  INFO [main] Type:14 - Type the value [5] into element [Getgo.CardTransfer.TxtAmount.XPATH]
2018-07-16 16:51:57,242  INFO [main] Type:17 - Type Successful!
2018-07-16 16:51:57,243  INFO [main] Click:16 - Click element [Getgo.CardTransfer.BtnCalendar.ID]
2018-07-16 16:51:58,308  INFO [main] Click:22 - Click Successful!
2018-07-16 16:51:58,308  INFO [main] iOS:18 - Picking the specified day[16] month[7] year[2018] in the IOS calendar object
2018-07-16 16:52:04,928  INFO [main] Click:16 - Click element [Getgo.CardTransfer.BtnFrequencyDropdown.ID]
2018-07-16 16:52:05,958  INFO [main] Click:22 - Click Successful!
2018-07-16 16:52:05,959  INFO [main] iOS:37 - Select the value {One Time Only} in IOS picker wheel
2018-07-16 16:52:11,602  INFO [main] iOS:42 - Value One Time Only is selected!
2018-07-16 16:52:11,603  INFO [main] Type:14 - Type the value [Automation Transaction!] into element [Getgo.CardTransfer.TxtMessage.XPATH]
2018-07-16 16:52:18,054  INFO [main] Type:17 - Type Successful!
2018-07-16 16:52:21,688  INFO [main] Click:16 - Click element [Getgo.CardTransfer.BtnNext.ID]
2018-07-16 16:52:22,595  INFO [main] Click:22 - Click Successful!
2018-07-16 16:52:22,597  INFO [main] Verify:64 - Verify element [By.xpath: //XCUIElementTypeStaticText[contains(@name,'John')]] text is matching with [John Berlin Fuertes]
2018-07-16 16:52:26,281  INFO [main] Verify:72 - Condition verified!
2018-07-16 16:52:26,281  INFO [main] Verify:64 - Verify element [By.xpath: //XCUIElementTypeStaticText[contains(@name,'****')]] text is matching with [**** **** **** 5506]
2018-07-16 16:52:28,026  INFO [main] Verify:72 - Condition verified!
2018-07-16 16:52:28,026  INFO [main] Verify:64 - Verify element [By.xpath: //XCUIElementTypeStaticText[contains(@name,'Milf')]] text is matching with [Milford Hane]
2018-07-16 16:52:39,277 ERROR [main] Get:38 - Element [By.xpath: //XCUIElementTypeStaticText[contains(@name,'Milf')]] not found!
2018-07-16 16:52:39,292 ERROR [main] StepsBase:23 - S C E N A R I O    F A I L E D !!!!!
2018-07-16 16:52:39,292  INFO [main] Screenshot:20 - Capture screenshot
2018-07-16 16:52:39,633  INFO [main] Screenshot:25 - Captured!
2018-07-16 16:52:39,890  INFO [main] Keywords:49 - Application closed
2018-07-16 16:52:39,936  INFO [main] Test:50 - Report is generates @ emailable-results/Run-64/Automation-Dashboard.html
