2018-07-16 18:12:36,260  INFO [main] RunManager:23 - Hey! ubp, Logging everything from here ....
2018-07-16 18:12:36,265  INFO [main] RunManager:24 - Run ID is --> Run-80
2018-07-16 18:12:36,466  INFO [main] StepsBase:16 - Executing S C E N A R I O : As a tester, I want to complete a funds transfer transaction so that I can pass on funds to another cardholder (Add recipient from saved list).
2018-07-16 18:12:41,424  INFO [main] Keywords:42 - Application launched
2018-07-16 18:12:41,442  INFO [main] Click:16 - Click element [Getgo.Welcome.BtnLogin.ID]
2018-07-16 18:12:42,084  INFO [main] Click:22 - Click Successful!
2018-07-16 18:12:42,097  INFO [main] Type:14 - Type the value [john@does.com] into element [Getgo.Login.TxtEmailAddress.XPATH]
2018-07-16 18:12:46,037  INFO [main] Type:17 - Type Successful!
2018-07-16 18:12:46,038  INFO [main] Click:16 - Click element [Getgo.Login.BtnNext.XPATH]
2018-07-16 18:12:48,201  INFO [main] Click:22 - Click Successful!
2018-07-16 18:12:48,208  INFO [main] Type:21 - Type the value [he*****] into element [Getgo.Login.TxtPassword.XPATH]
2018-07-16 18:12:54,255  INFO [main] Type:24 - Type Successful!
2018-07-16 18:12:54,256  INFO [main] Click:16 - Click element [Getgo.Login.BtnLogin.XPATH]
2018-07-16 18:12:56,590  INFO [main] Click:22 - Click Successful!
2018-07-16 18:12:56,602  INFO [main] Click:16 - Click element [Getgo.Dashboard.BtnMenu.ID]
2018-07-16 18:13:00,492  INFO [main] Click:22 - Click Successful!
2018-07-16 18:13:00,494  INFO [main] Click:26 - Click element [By.xpath: //XCUIElementTypeStaticText[@name='Card Transfer']]
2018-07-16 18:13:05,306  INFO [main] Click:32 - Click Successful!
2018-07-16 18:13:05,327  INFO [main] Click:16 - Click element [Getgo.CardTransfer.BtnAddRecipient.ID]
2018-07-16 18:13:06,377  INFO [main] Click:22 - Click Successful!
2018-07-16 18:14:09,193  INFO [main] Click:26 - Click element [By.xpath: //XCUIElementTypeStaticText[@name='testtransfer']]
