2018-07-16 18:03:54,392  INFO [main] RunManager:23 - Hey! ubp, Logging everything from here ....
2018-07-16 18:03:54,394  INFO [main] RunManager:24 - Run ID is --> Run-76
2018-07-16 18:03:54,559  INFO [main] StepsBase:16 - Executing S C E N A R I O : As a tester, I want to complete a funds transfer transaction so that I can pass on funds to another cardholder (Add recipient from saved list).
2018-07-16 18:03:59,639  INFO [main] Keywords:42 - Application launched
2018-07-16 18:03:59,655  INFO [main] Click:16 - Click element [Getgo.Welcome.BtnLogin.ID]
2018-07-16 18:04:00,272  INFO [main] Click:22 - Click Successful!
2018-07-16 18:04:00,331  INFO [main] Type:14 - Type the value [john@does.com] into element [Getgo.Login.TxtEmailAddress.XPATH]
2018-07-16 18:04:04,247  INFO [main] Type:17 - Type Successful!
2018-07-16 18:04:04,247  INFO [main] Click:16 - Click element [Getgo.Login.BtnNext.XPATH]
2018-07-16 18:04:06,504  INFO [main] Click:22 - Click Successful!
2018-07-16 18:04:06,505  INFO [main] Type:21 - Type the value [he*****] into element [Getgo.Login.TxtPassword.XPATH]
2018-07-16 18:04:13,415  INFO [main] Type:24 - Type Successful!
2018-07-16 18:04:13,416  INFO [main] Click:16 - Click element [Getgo.Login.BtnLogin.XPATH]
2018-07-16 18:04:15,755  INFO [main] Click:22 - Click Successful!
2018-07-16 18:04:15,759  INFO [main] Click:16 - Click element [Getgo.Dashboard.BtnMenu.ID]
2018-07-16 18:04:19,759  INFO [main] Click:22 - Click Successful!
2018-07-16 18:04:19,761  INFO [main] Click:26 - Click element [By.xpath: //XCUIElementTypeStaticText[@name='Card Transfer']]
2018-07-16 18:04:31,941 ERROR [main] Get:38 - Element [By.xpath: //XCUIElementTypeStaticText[@name='Card Transfer']] not found!
2018-07-16 18:04:31,963 ERROR [main] StepsBase:23 - S C E N A R I O    F A I L E D !!!!!
2018-07-16 18:04:31,964  INFO [main] Screenshot:20 - Capture screenshot
2018-07-16 18:04:32,368  INFO [main] Screenshot:25 - Captured!
2018-07-16 18:04:32,618  INFO [main] Keywords:49 - Application closed
2018-07-16 18:04:32,661  INFO [main] Test:50 - Report is generates @ emailable-results/Run-76/Automation-Dashboard.html
