2018-07-17 18:25:51,258  INFO [main] RunManager:23 - Hey! Tg2259, Logging everything from here ....
2018-07-17 18:25:51,262  INFO [main] RunManager:24 - Run ID is --> Run-7
2018-07-17 18:25:51,528  INFO [main] StepsBase:16 - Executing S C E N A R I O : As a tester, I want to complete a funds transfer transaction so that I can pass on funds to another cardholder (Add recipient from saved list).
2018-07-17 18:26:18,259  INFO [main] Keywords:42 - Application launched
2018-07-17 18:26:18,271  INFO [main] Click:16 - Click element [Getgo.Welcome.BtnLogin.ID]
2018-07-17 18:26:18,665  INFO [main] Click:22 - Click Successful!
2018-07-17 18:26:18,671  INFO [main] Type:14 - Type the value [john@does.com] into element [Getgo.Login.TxtEmailAddress.XPATH]
2018-07-17 18:26:20,708  INFO [main] Type:17 - Type Successful!
2018-07-17 18:26:20,708  INFO [main] Click:16 - Click element [Getgo.Login.BtnNext.XPATH]
2018-07-17 18:26:21,458  INFO [main] Click:22 - Click Successful!
2018-07-17 18:26:21,459  INFO [main] Type:21 - Type the value [he*****] into element [Getgo.Login.TxtPassword.XPATH]
2018-07-17 18:26:25,776  INFO [main] Type:24 - Type Successful!
2018-07-17 18:26:25,777  INFO [main] Click:16 - Click element [Getgo.Login.BtnLogin.XPATH]
2018-07-17 18:26:26,548  INFO [main] Click:22 - Click Successful!
2018-07-17 18:26:26,554  INFO [main] Click:16 - Click element [Getgo.Dashboard.BtnMenu.ID]
2018-07-17 18:26:31,970  INFO [main] Click:22 - Click Successful!
2018-07-17 18:26:31,972  INFO [main] Click:26 - Click element [By.xpath: //android.widget.CheckedTextView[@text='Card transfer']]
2018-07-17 18:26:33,061  INFO [main] Click:32 - Click Successful!
2018-07-17 18:26:33,108  INFO [main] Click:16 - Click element [Getgo.CardTransfer.BtnAddRecipient.ID]
2018-07-17 18:26:34,442  INFO [main] Click:22 - Click Successful!
2018-07-17 18:26:46,805  INFO [main] Swipe:39 - Scrolled to the element matching the text --> testtransfer
2018-07-17 18:26:46,806  INFO [main] Click:26 - Click element [By.xpath: //android.widget.TextView[@text='testtransfer']]
2018-07-17 18:26:46,930  INFO [main] Click:32 - Click Successful!
2018-07-17 18:26:46,930  INFO [main] Type:14 - Type the value [5] into element [Getgo.CardTransfer.TxtAmount.XPATH]
2018-07-17 18:26:48,821  INFO [main] Type:17 - Type Successful!
2018-07-17 18:26:48,822  INFO [main] Click:16 - Click element [Getgo.CardTransfer.BtnCalendar.ID]
2018-07-17 18:26:49,502  INFO [main] Click:22 - Click Successful!
2018-07-17 18:26:49,503  INFO [main] Click:16 - Click element [Getgo.CardTransfer.BtnAndroidDatePickerOk.ID]
2018-07-17 18:26:50,409  INFO [main] Click:22 - Click Successful!
2018-07-17 18:26:50,409  INFO [main] Click:16 - Click element [Getgo.CardTransfer.BtnFrequencyDropdown.ID]
2018-07-17 18:26:51,605  INFO [main] Click:22 - Click Successful!
2018-07-17 18:26:51,605  INFO [main] Click:26 - Click element [By.xpath: //android.widget.TextView[@text='One Time Only']]
2018-07-17 18:26:53,250  INFO [main] Click:32 - Click Successful!
2018-07-17 18:26:53,250  INFO [main] Type:14 - Type the value [Automation Transaction!] into element [Getgo.CardTransfer.TxtMessage.XPATH]
2018-07-17 18:26:53,962  INFO [main] Type:17 - Type Successful!
2018-07-17 18:26:54,571  INFO [main] Click:16 - Click element [Getgo.CardTransfer.BtnNext.ID]
2018-07-17 18:26:54,639  INFO [main] Click:22 - Click Successful!
2018-07-17 18:26:54,641  INFO [main] Verify:64 - Verify element [By.xpath: //android.widget.TextView[contains(@text,'John')]] text is matching with [John Berlin Fuertes]
2018-07-17 18:26:55,919  INFO [main] Verify:72 - Condition verified!
2018-07-17 18:26:55,919  INFO [main] Verify:64 - Verify element [By.xpath: //android.widget.TextView[contains(@text,'****')]] text is matching with [**** **** **** 5506]
2018-07-17 18:26:56,022  INFO [main] Verify:72 - Condition verified!
2018-07-17 18:26:56,023  INFO [main] Verify:64 - Verify element [By.xpath: //android.widget.TextView[contains(@text,'6019')]] text is matching with [6019990220004855]
2018-07-17 18:26:56,141  INFO [main] Verify:72 - Condition verified!
2018-07-17 18:26:56,289  INFO [main] Verify:64 - Verify element [By.xpath: //android.widget.TextView[@text='July 17, 2018']] text is matching with [July 17, 2018]
2018-07-17 18:26:56,428  INFO [main] Verify:72 - Condition verified!
2018-07-17 18:26:56,428  INFO [main] Click:16 - Click element [Getgo.CardTransferReview.BtnTransfer.XPATH]
2018-07-17 18:26:56,536  INFO [main] Click:22 - Click Successful!
2018-07-17 18:26:56,537  INFO [main] Verify:22 - Verify element [By.xpath: //android.widget.TextView[@text='Congratulations!']] is present
2018-07-17 18:27:01,019  INFO [main] Verify:24 - Element is present!
2018-07-17 18:27:01,020  INFO [main] Verify:22 - Verify element [By.xpath: //android.widget.TextView[@text='You have successfully transfer fund.']] is present
2018-07-17 18:27:01,075  INFO [main] Verify:24 - Element is present!
2018-07-17 18:27:01,075  INFO [main] Click:16 - Click element [Getgo.CardTransferSuccess.BtnViewDetails.XPATH]
2018-07-17 18:27:01,142  INFO [main] Click:22 - Click Successful!
2018-07-17 18:27:07,616  INFO [main] Keywords:49 - Application closed
2018-07-17 18:27:07,617  INFO [main] StepsBase:16 - Executing S C E N A R I O : As a tester, I want to complete a funds transfer transaction so that I can pass on funds to another cardholder.
2018-07-17 18:27:13,559  INFO [main] Keywords:42 - Application launched
2018-07-17 18:27:13,560  INFO [main] Click:16 - Click element [Getgo.Welcome.BtnLogin.ID]
2018-07-17 18:27:14,041  INFO [main] Click:22 - Click Successful!
2018-07-17 18:27:14,043  INFO [main] Type:14 - Type the value [john@does.com] into element [Getgo.Login.TxtEmailAddress.XPATH]
2018-07-17 18:27:16,092  INFO [main] Type:17 - Type Successful!
2018-07-17 18:27:16,092  INFO [main] Click:16 - Click element [Getgo.Login.BtnNext.XPATH]
2018-07-17 18:27:16,886  INFO [main] Click:22 - Click Successful!
2018-07-17 18:27:16,887  INFO [main] Type:21 - Type the value [he*****] into element [Getgo.Login.TxtPassword.XPATH]
2018-07-17 18:27:21,122  INFO [main] Type:24 - Type Successful!
2018-07-17 18:27:21,123  INFO [main] Click:16 - Click element [Getgo.Login.BtnLogin.XPATH]
2018-07-17 18:27:21,891  INFO [main] Click:22 - Click Successful!
2018-07-17 18:27:21,892  INFO [main] Click:16 - Click element [Getgo.Dashboard.BtnMenu.ID]
2018-07-17 18:27:26,526  INFO [main] Click:22 - Click Successful!
2018-07-17 18:27:26,526  INFO [main] Click:26 - Click element [By.xpath: //android.widget.CheckedTextView[@text='Card transfer']]
2018-07-17 18:27:27,616  INFO [main] Click:32 - Click Successful!
2018-07-17 18:27:27,617  INFO [main] Type:14 - Type the value [6019990220004855] into element [Getgo.CardTransfer.TxtCard.XPATH]
2018-07-17 18:27:29,749  INFO [main] Type:17 - Type Successful!
2018-07-17 18:27:29,749  INFO [main] Type:14 - Type the value [Ivah MacGyver] into element [Getgo.CardTransfer.TxtRecipientName.XPATH]
2018-07-17 18:27:31,306  INFO [main] Type:17 - Type Successful!
2018-07-17 18:27:31,306  INFO [main] Type:14 - Type the value [5] into element [Getgo.CardTransfer.TxtAmount.XPATH]
2018-07-17 18:27:32,557  INFO [main] Type:17 - Type Successful!
2018-07-17 18:27:32,557  INFO [main] Click:16 - Click element [Getgo.CardTransfer.BtnCalendar.ID]
2018-07-17 18:27:33,243  INFO [main] Click:22 - Click Successful!
2018-07-17 18:27:33,243  INFO [main] Click:16 - Click element [Getgo.CardTransfer.BtnAndroidDatePickerOk.ID]
2018-07-17 18:27:34,186  INFO [main] Click:22 - Click Successful!
2018-07-17 18:27:34,186  INFO [main] Click:16 - Click element [Getgo.CardTransfer.BtnFrequencyDropdown.ID]
2018-07-17 18:27:35,327  INFO [main] Click:22 - Click Successful!
2018-07-17 18:27:35,327  INFO [main] Click:26 - Click element [By.xpath: //android.widget.TextView[@text='One Time Only']]
2018-07-17 18:27:36,982  INFO [main] Click:32 - Click Successful!
2018-07-17 18:27:36,982  INFO [main] Type:14 - Type the value [Automation Transaction!] into element [Getgo.CardTransfer.TxtMessage.XPATH]
2018-07-17 18:27:37,677  INFO [main] Type:17 - Type Successful!
2018-07-17 18:27:38,272  INFO [main] Click:16 - Click element [Getgo.CardTransfer.BtnNext.ID]
2018-07-17 18:27:38,344  INFO [main] Click:22 - Click Successful!
2018-07-17 18:27:38,345  INFO [main] Verify:64 - Verify element [By.xpath: //android.widget.TextView[contains(@text,'John')]] text is matching with [John Berlin Fuertes]
2018-07-17 18:27:39,612  INFO [main] Verify:72 - Condition verified!
2018-07-17 18:27:39,612  INFO [main] Verify:64 - Verify element [By.xpath: //android.widget.TextView[contains(@text,'****')]] text is matching with [**** **** **** 5506]
2018-07-17 18:27:39,688  INFO [main] Verify:72 - Condition verified!
2018-07-17 18:27:39,688  INFO [main] Verify:64 - Verify element [By.xpath: //android.widget.TextView[contains(@text,'6019')]] text is matching with [6019990220004855]
2018-07-17 18:27:39,775  INFO [main] Verify:72 - Condition verified!
2018-07-17 18:27:39,870  INFO [main] Verify:64 - Verify element [By.xpath: //android.widget.TextView[@text='July 17, 2018']] text is matching with [July 17, 2018]
2018-07-17 18:27:39,960  INFO [main] Verify:72 - Condition verified!
2018-07-17 18:27:39,960  INFO [main] Click:16 - Click element [Getgo.CardTransferReview.BtnTransfer.XPATH]
2018-07-17 18:27:40,032  INFO [main] Click:22 - Click Successful!
2018-07-17 18:27:40,033  INFO [main] Verify:22 - Verify element [By.xpath: //android.widget.TextView[@text='Congratulations!']] is present
2018-07-17 18:27:44,044  INFO [main] Verify:24 - Element is present!
2018-07-17 18:27:44,044  INFO [main] Verify:22 - Verify element [By.xpath: //android.widget.TextView[@text='You have successfully transfer fund.']] is present
2018-07-17 18:27:44,104  INFO [main] Verify:24 - Element is present!
2018-07-17 18:27:44,104  INFO [main] Click:16 - Click element [Getgo.CardTransferSuccess.BtnViewDetails.XPATH]
2018-07-17 18:27:44,196  INFO [main] Click:22 - Click Successful!
2018-07-17 18:27:50,627  INFO [main] Keywords:49 - Application closed
2018-07-17 18:27:50,630  INFO [main] StepsBase:16 - Executing S C E N A R I O : As a tester, I want to be able to login using my credentials so that I can see my account(Virtual Card or Peso+) details
2018-07-17 18:27:56,626  INFO [main] Keywords:42 - Application launched
2018-07-17 18:27:56,628  INFO [main] Click:16 - Click element [Getgo.Welcome.BtnLogin.ID]
2018-07-17 18:27:57,114  INFO [main] Click:22 - Click Successful!
2018-07-17 18:27:57,115  INFO [main] Type:14 - Type the value [(3)Evelyn.dhamodaran@unionbankph.com] into element [Getgo.Login.TxtEmailAddress.XPATH]
2018-07-17 18:27:59,366  INFO [main] Type:17 - Type Successful!
2018-07-17 18:27:59,366  INFO [main] Click:16 - Click element [Getgo.Login.BtnNext.XPATH]
2018-07-17 18:28:00,917  INFO [main] Click:22 - Click Successful!
2018-07-17 18:28:00,919  INFO [main] Type:21 - Type the value [he*****] into element [Getgo.Login.TxtPassword.XPATH]
2018-07-17 18:28:05,107  INFO [main] Type:24 - Type Successful!
2018-07-17 18:28:05,108  INFO [main] Click:16 - Click element [Getgo.Login.BtnLogin.XPATH]
2018-07-17 18:28:05,863  INFO [main] Click:22 - Click Successful!
2018-07-17 18:28:05,864  INFO [main] Verify:16 - Verify element [Getgo.Dashboard.ImgProfilePicture.ID] is present
2018-07-17 18:28:10,460  INFO [main] Verify:18 - Element is present!
2018-07-17 18:28:10,460  INFO [main] Verify:28 - Verify element [Getgo.Dashboard.LblUsername.XPATH] text is matching with [Eve Kanmani]
2018-07-17 18:28:10,555  INFO [main] Verify:36 - Condition verified!
2018-07-17 18:28:22,460  INFO [main] Keywords:49 - Application closed
2018-07-17 18:28:22,461  INFO [main] StepsBase:16 - Executing S C E N A R I O : As a tester, I want to be able to login using my credentials so that I can see my account(Virtual Card or Peso+) details
2018-07-17 18:28:28,440  INFO [main] Keywords:42 - Application launched
2018-07-17 18:28:28,441  INFO [main] Click:16 - Click element [Getgo.Welcome.BtnLogin.ID]
2018-07-17 18:28:28,920  INFO [main] Click:22 - Click Successful!
2018-07-17 18:28:28,922  INFO [main] Type:14 - Type the value [john@does.com] into element [Getgo.Login.TxtEmailAddress.XPATH]
2018-07-17 18:28:31,124  INFO [main] Type:17 - Type Successful!
2018-07-17 18:28:31,124  INFO [main] Click:16 - Click element [Getgo.Login.BtnNext.XPATH]
2018-07-17 18:28:31,913  INFO [main] Click:22 - Click Successful!
2018-07-17 18:28:31,914  INFO [main] Type:21 - Type the value [he*****] into element [Getgo.Login.TxtPassword.XPATH]
2018-07-17 18:28:36,193  INFO [main] Type:24 - Type Successful!
2018-07-17 18:28:36,194  INFO [main] Click:16 - Click element [Getgo.Login.BtnLogin.XPATH]
2018-07-17 18:28:36,955  INFO [main] Click:22 - Click Successful!
2018-07-17 18:28:36,956  INFO [main] Verify:16 - Verify element [Getgo.Dashboard.ImgProfilePicture.ID] is present
2018-07-17 18:28:42,374  INFO [main] Verify:18 - Element is present!
2018-07-17 18:28:42,375  INFO [main] Verify:28 - Verify element [Getgo.Dashboard.LblUsername.XPATH] text is matching with [John Berlin Fuertes]
2018-07-17 18:28:42,472  INFO [main] Verify:36 - Condition verified!
2018-07-17 18:28:46,621  INFO [main] Keywords:49 - Application closed
2018-07-17 18:28:46,622  INFO [main] StepsBase:16 - Executing S C E N A R I O : As a tester, I want to add new recipients and tag some of them as favorites so that I can keep a list of recipients (From Card transfer page)
2018-07-17 18:28:52,619  INFO [main] Keywords:42 - Application launched
2018-07-17 18:28:52,619  INFO [main] Click:16 - Click element [Getgo.Welcome.BtnLogin.ID]
2018-07-17 18:28:53,103  INFO [main] Click:22 - Click Successful!
2018-07-17 18:28:53,104  INFO [main] Type:14 - Type the value [john@does.com] into element [Getgo.Login.TxtEmailAddress.XPATH]
2018-07-17 18:28:55,164  INFO [main] Type:17 - Type Successful!
2018-07-17 18:28:55,165  INFO [main] Click:16 - Click element [Getgo.Login.BtnNext.XPATH]
2018-07-17 18:28:55,967  INFO [main] Click:22 - Click Successful!
2018-07-17 18:28:55,969  INFO [main] Type:21 - Type the value [he*****] into element [Getgo.Login.TxtPassword.XPATH]
2018-07-17 18:29:00,769  INFO [main] Type:24 - Type Successful!
2018-07-17 18:29:00,770  INFO [main] Click:16 - Click element [Getgo.Login.BtnLogin.XPATH]
2018-07-17 18:29:01,548  INFO [main] Click:22 - Click Successful!
2018-07-17 18:29:01,550  INFO [main] Click:16 - Click element [Getgo.Dashboard.BtnMenu.ID]
2018-07-17 18:29:06,502  INFO [main] Click:22 - Click Successful!
2018-07-17 18:29:06,502  INFO [main] Click:26 - Click element [By.xpath: //android.widget.CheckedTextView[@text='Card transfer']]
2018-07-17 18:29:07,584  INFO [main] Click:32 - Click Successful!
2018-07-17 18:29:07,585  INFO [main] Click:16 - Click element [Getgo.CardTransfer.BtnAddRecipient.ID]
2018-07-17 18:29:08,976  INFO [main] Click:22 - Click Successful!
2018-07-17 18:29:11,977  INFO [main] Click:16 - Click element [Getgo.ManageRecipient.BtnAdd.ID]
2018-07-17 18:29:12,175  INFO [main] Click:22 - Click Successful!
2018-07-17 18:29:12,175  INFO [main] Type:14 - Type the value [9468150216310791] into element [Getgo.ManageRecipient.TxtCard.ID]
2018-07-17 18:29:14,168  INFO [main] Type:17 - Type Successful!
2018-07-17 18:29:14,169  INFO [main] Type:14 - Type the value [Modesto Braun] into element [Getgo.ManageRecipient.TxtRecipientName.ID]
2018-07-17 18:29:15,586  INFO [main] Type:17 - Type Successful!
2018-07-17 18:29:15,586  INFO [main] Click:16 - Click element [Getgo.ManageRecipient.BtnSave.ID]
2018-07-17 18:29:16,240  INFO [main] Click:22 - Click Successful!
2018-07-17 18:29:57,442  INFO [main] Swipe:39 - Scrolled to the element matching the text --> 9468150216310791
2018-07-17 18:29:57,592  INFO [main] Click:16 - Click element [Getgo.ManageRecipient.BtnBack.XPATH]
2018-07-17 18:30:00,744  INFO [main] Click:22 - Click Successful!
2018-07-17 18:30:00,745  INFO [main] Click:16 - Click element [Getgo.CardTransfer.BtnAddRecipient.ID]
2018-07-17 18:30:02,010  INFO [main] Click:22 - Click Successful!
2018-07-17 18:30:12,551 ERROR [main] Get:38 - Element [By.xpath: //android.widget.TextView[@text='9468150216310791']] not found!
2018-07-17 18:30:12,617 ERROR [main] StepsBase:23 - S C E N A R I O    F A I L E D !!!!!
2018-07-17 18:30:12,617  INFO [main] Screenshot:20 - Capture screenshot
2018-07-17 18:30:13,079  INFO [main] Screenshot:25 - Captured!
2018-07-17 18:30:14,527  INFO [main] Keywords:49 - Application closed
2018-07-17 18:30:14,529  INFO [main] StepsBase:16 - Executing S C E N A R I O : As a tester, I want to add new recipients and tag some of them as favorites so that I can keep a list of recipients (From Beneficiaries page)
2018-07-17 18:30:20,561  INFO [main] Keywords:42 - Application launched
2018-07-17 18:30:20,563  INFO [main] Click:16 - Click element [Getgo.Welcome.BtnLogin.ID]
2018-07-17 18:30:21,036  INFO [main] Click:22 - Click Successful!
2018-07-17 18:30:21,039  INFO [main] Type:14 - Type the value [john@does.com] into element [Getgo.Login.TxtEmailAddress.XPATH]
2018-07-17 18:30:23,119  INFO [main] Type:17 - Type Successful!
2018-07-17 18:30:23,119  INFO [main] Click:16 - Click element [Getgo.Login.BtnNext.XPATH]
2018-07-17 18:30:23,913  INFO [main] Click:22 - Click Successful!
2018-07-17 18:30:23,915  INFO [main] Type:21 - Type the value [he*****] into element [Getgo.Login.TxtPassword.XPATH]
2018-07-17 18:30:28,120  INFO [main] Type:24 - Type Successful!
2018-07-17 18:30:28,120  INFO [main] Click:16 - Click element [Getgo.Login.BtnLogin.XPATH]
2018-07-17 18:30:28,883  INFO [main] Click:22 - Click Successful!
2018-07-17 18:30:28,884  INFO [main] Click:16 - Click element [Getgo.Dashboard.BtnMenu.ID]
2018-07-17 18:30:34,047  INFO [main] Click:22 - Click Successful!
2018-07-17 18:30:34,047  INFO [main] Click:26 - Click element [By.xpath: //android.widget.CheckedTextView[@text='Beneficiaries']]
2018-07-17 18:30:35,041  INFO [main] Click:32 - Click Successful!
2018-07-17 18:30:38,043  INFO [main] Click:16 - Click element [Getgo.ManageRecipient.BtnAdd.ID]
2018-07-17 18:30:38,150  INFO [main] Click:22 - Click Successful!
2018-07-17 18:30:38,150  INFO [main] Type:14 - Type the value [7209322434607403] into element [Getgo.ManageRecipient.TxtCard.ID]
2018-07-17 18:30:40,154  INFO [main] Type:17 - Type Successful!
2018-07-17 18:30:40,155  INFO [main] Type:14 - Type the value [Micaela Connelly] into element [Getgo.ManageRecipient.TxtRecipientName.ID]
2018-07-17 18:30:41,571  INFO [main] Type:17 - Type Successful!
2018-07-17 18:30:41,571  INFO [main] Click:16 - Click element [Getgo.ManageRecipient.BtnSave.ID]
2018-07-17 18:30:42,224  INFO [main] Click:22 - Click Successful!
2018-07-17 18:31:24,771  INFO [main] Swipe:39 - Scrolled to the element matching the text --> 7209322434607403
2018-07-17 18:31:24,934  INFO [main] Click:16 - Click element [Getgo.ManageRecipient.BtnBack.XPATH]
2018-07-17 18:31:26,564  INFO [main] Click:22 - Click Successful!
2018-07-17 18:31:26,565  INFO [main] Click:26 - Click element [By.xpath: //android.widget.CheckedTextView[@text='Beneficiaries']]
2018-07-17 18:31:27,955  INFO [main] Click:32 - Click Successful!
2018-07-17 18:31:38,470 ERROR [main] Get:38 - Element [By.xpath: //android.widget.TextView[@text='7209322434607403']] not found!
2018-07-17 18:31:38,472 ERROR [main] StepsBase:23 - S C E N A R I O    F A I L E D !!!!!
2018-07-17 18:31:38,472  INFO [main] Screenshot:20 - Capture screenshot
2018-07-17 18:31:38,899  INFO [main] Screenshot:25 - Captured!
2018-07-17 18:31:40,417  INFO [main] Keywords:49 - Application closed
2018-07-17 18:31:40,419  INFO [main] StepsBase:16 - Executing S C E N A R I O : Validate the fields & texts displayed on the Getgo Welcome & SignUp page
2018-07-17 18:31:46,442  INFO [main] Keywords:42 - Application launched
2018-07-17 18:31:46,444  INFO [main] Verify:16 - Verify element [Getgo.Welcome.ImgLogo.ID] is present
2018-07-17 18:31:46,897  INFO [main] Verify:18 - Element is present!
2018-07-17 18:31:46,898  INFO [main] Verify:28 - Verify element [Getgo.Welcome.LblCaption.XPATH] text is matching with [Now made easier. As simple as Ready, GetGo.]
2018-07-17 18:31:46,956  INFO [main] Verify:36 - Condition verified!
2018-07-17 18:31:46,956  INFO [main] Verify:28 - Verify element [Getgo.Welcome.BtnLogin.ID] text is matching with [LOG IN]
2018-07-17 18:31:47,006  INFO [main] Verify:36 - Condition verified!
2018-07-17 18:31:47,006  INFO [main] Verify:28 - Verify element [Getgo.Welcome.BtnSignUp.ID] text is matching with [SIGN UP]
2018-07-17 18:31:47,060  INFO [main] Verify:36 - Condition verified!
2018-07-17 18:31:47,061  INFO [main] Click:16 - Click element [Getgo.Welcome.BtnSignUp.ID]
2018-07-17 18:31:47,149  INFO [main] Click:22 - Click Successful!
2018-07-17 18:31:47,149  INFO [main] Verify:16 - Verify element [Getgo.SignUp.ImgGetgoCard.ID] is present
2018-07-17 18:31:47,367  INFO [main] Verify:18 - Element is present!
2018-07-17 18:31:47,367  INFO [main] Verify:28 - Verify element [Getgo.SignUp.BtnCreateVirtualCard.XPATH] text is matching with [No]
2018-07-17 18:31:48,209  INFO [main] Verify:36 - Condition verified!
2018-07-17 18:31:48,209  INFO [main] Verify:28 - Verify element [Getgo.SignUp.BtnRegisterPhysicalCard.XPATH] text is matching with [Yes]
2018-07-17 18:31:48,278  INFO [main] Verify:36 - Condition verified!
2018-07-17 18:31:48,278  INFO [main] Verify:28 - Verify element [Getgo.SignUp.LblCaption1.XPATH] text is matching with [Do you have a GetGo Peso Plus Card?]
2018-07-17 18:31:48,351  INFO [main] Verify:36 - Condition verified!
2018-07-17 18:31:48,351  INFO [main] Verify:28 - Verify element [Getgo.SignUp.LblCaption2.XPATH] text is matching with [Start shopping online by creating your GetGo Virtual Prepaid Card. Or register your Peso + Prepaid Card now.]
2018-07-17 18:31:48,428  INFO [main] Verify:36 - Condition verified!
2018-07-17 18:31:49,740  INFO [main] Keywords:49 - Application closed
2018-07-17 18:31:49,741  INFO [main] StepsBase:16 - Executing S C E N A R I O : Validate the fields & texts displayed on the Getgo Login page
2018-07-17 18:31:55,797  INFO [main] Keywords:42 - Application launched
2018-07-17 18:31:55,799  INFO [main] Click:16 - Click element [Getgo.Welcome.BtnLogin.ID]
2018-07-17 18:31:56,278  INFO [main] Click:22 - Click Successful!
2018-07-17 18:31:56,279  INFO [main] Verify:16 - Verify element [Getgo.Login.BtnBack.XPATH] is present
2018-07-17 18:31:57,534  INFO [main] Verify:18 - Element is present!
2018-07-17 18:31:58,948  INFO [main] Verify:22 - Verify element [By.xpath: //android.widget.TextView[@text='Login']] is present
2018-07-17 18:31:59,593  INFO [main] Verify:24 - Element is present!
2018-07-17 18:31:59,593  INFO [main] Verify:28 - Verify element [Getgo.Login.LblCaption.XPATH] text is matching with [Enter your registered email address]
2018-07-17 18:31:59,675  INFO [main] Verify:36 - Condition verified!
2018-07-17 18:31:59,675  INFO [main] Verify:28 - Verify element [Getgo.Login.TxtEmailAddress.XPATH] text is matching with [Email address]
2018-07-17 18:31:59,771  INFO [main] Verify:36 - Condition verified!
2018-07-17 18:31:59,771  INFO [main] Verify:22 - Verify element [By.xpath: //android.widget.TextView[@text='Forgot your password?']] is present
2018-07-17 18:31:59,843  INFO [main] Verify:24 - Element is present!
2018-07-17 18:31:59,843  INFO [main] Verify:22 - Verify element [By.xpath: //android.widget.TextView[@text='Don’t have an account? SIGN UP NOW!']] is present
2018-07-17 18:31:59,897  INFO [main] Verify:24 - Element is present!
2018-07-17 18:31:59,897  INFO [main] Verify:28 - Verify element [Getgo.Login.BtnNext.XPATH] text is matching with [NEXT]
2018-07-17 18:31:59,968  INFO [main] Verify:36 - Condition verified!
2018-07-17 18:31:59,970  INFO [main] Type:14 - Type the value [john@does.com] into element [Getgo.Login.TxtEmailAddress.XPATH]
2018-07-17 18:32:00,769  INFO [main] Type:17 - Type Successful!
2018-07-17 18:32:00,770  INFO [main] Click:16 - Click element [Getgo.Login.BtnNext.XPATH]
2018-07-17 18:32:01,389  INFO [main] Click:22 - Click Successful!
2018-07-17 18:32:01,390  INFO [main] Verify:16 - Verify element [Getgo.Login.TogglePasswordVisibility.ID] is present
2018-07-17 18:32:05,247  INFO [main] Verify:18 - Element is present!
2018-07-17 18:32:06,615  INFO [main] Verify:16 - Verify element [Getgo.Login.BtnBack.XPATH] is present
2018-07-17 18:32:07,264  INFO [main] Verify:18 - Element is present!
2018-07-17 18:32:07,264  INFO [main] Verify:22 - Verify element [By.xpath: //android.widget.TextView[@text='Login']] is present
2018-07-17 18:32:07,319  INFO [main] Verify:24 - Element is present!
2018-07-17 18:32:07,319  INFO [main] Verify:28 - Verify element [Getgo.Login.LblCaption.XPATH] text is matching with [Enter your password]
2018-07-17 18:32:07,384  INFO [main] Verify:36 - Condition verified!
2018-07-17 18:32:07,384  INFO [main] Verify:28 - Verify element [Getgo.Login.TxtPassword.XPATH] text is matching with [Password]
2018-07-17 18:32:07,442  INFO [main] Verify:36 - Condition verified!
2018-07-17 18:32:07,443  INFO [main] Verify:22 - Verify element [By.xpath: //android.widget.TextView[@text='Having problems with your account?']] is present
2018-07-17 18:32:07,484  INFO [main] Verify:24 - Element is present!
2018-07-17 18:32:07,484  INFO [main] Verify:28 - Verify element [Getgo.Login.BtnLogin.XPATH] text is matching with [LOGIN]
2018-07-17 18:32:07,536  INFO [main] Verify:36 - Condition verified!
2018-07-17 18:32:08,857  INFO [main] Keywords:49 - Application closed
2018-07-17 18:32:10,519  INFO [main] Test:50 - Report is generates @ emailable-results\Run-7/Automation-Dashboard.html
