2018-07-16 17:02:38,885  INFO [main] RunManager:23 - Hey! ubp, Logging everything from here ....
2018-07-16 17:02:38,889  INFO [main] RunManager:24 - Run ID is --> Run-66
2018-07-16 17:02:39,113  INFO [main] StepsBase:16 - Executing S C E N A R I O : As a tester, I want to complete a funds transfer transaction so that I can pass on funds to another cardholder (Add recipient from saved list).
2018-07-16 17:02:46,272  INFO [main] Keywords:42 - Application launched
2018-07-16 17:02:46,281  INFO [main] Click:16 - Click element [Getgo.Welcome.BtnLogin.ID]
2018-07-16 17:02:47,165  INFO [main] Click:22 - Click Successful!
2018-07-16 17:02:47,176  INFO [main] Type:14 - Type the value [john@does.com] into element [Getgo.Login.TxtEmailAddress.XPATH]
2018-07-16 17:02:50,993  INFO [main] Type:17 - Type Successful!
2018-07-16 17:02:50,993  INFO [main] Click:16 - Click element [Getgo.Login.BtnNext.XPATH]
2018-07-16 17:02:53,270  INFO [main] Click:22 - Click Successful!
2018-07-16 17:02:53,275  INFO [main] Type:21 - Type the value [he*****] into element [Getgo.Login.TxtPassword.XPATH]
2018-07-16 17:02:59,717  INFO [main] Type:24 - Type Successful!
2018-07-16 17:02:59,717  INFO [main] Click:16 - Click element [Getgo.Login.BtnLogin.XPATH]
2018-07-16 17:03:02,027  INFO [main] Click:22 - Click Successful!
2018-07-16 17:03:02,080  INFO [main] Click:16 - Click element [Getgo.Dashboard.BtnMenu.ID]
2018-07-16 17:03:06,519  INFO [main] Click:22 - Click Successful!
2018-07-16 17:03:06,546  INFO [main] Click:26 - Click element [By.xpath: //XCUIElementTypeStaticText[@name='Card Transfer']]
2018-07-16 17:03:11,283  INFO [main] Click:32 - Click Successful!
2018-07-16 17:03:11,329  INFO [main] Click:16 - Click element [Getgo.CardTransfer.BtnAddRecipient.ID]
2018-07-16 17:03:12,461  INFO [main] Click:22 - Click Successful!
2018-07-16 17:03:14,423  INFO [main] Click:26 - Click element [By.xpath: //XCUIElementTypeStaticText[@name='testtransfer']]
