2018-07-16 17:06:27,855  INFO [main] RunManager:23 - Hey! ubp, Logging everything from here ....
2018-07-16 17:06:27,858  INFO [main] RunManager:24 - Run ID is --> Run-68
2018-07-16 17:06:28,062  INFO [main] StepsBase:16 - Executing S C E N A R I O : As a tester, I want to complete a funds transfer transaction so that I can pass on funds to another cardholder (Add recipient from saved list).
2018-07-16 17:06:33,971  INFO [main] Keywords:42 - Application launched
2018-07-16 17:06:33,991  INFO [main] Click:16 - Click element [Getgo.Welcome.BtnLogin.ID]
2018-07-16 17:06:34,636  INFO [main] Click:22 - Click Successful!
2018-07-16 17:06:34,642  INFO [main] Type:14 - Type the value [john@does.com] into element [Getgo.Login.TxtEmailAddress.XPATH]
2018-07-16 17:06:38,486  INFO [main] Type:17 - Type Successful!
2018-07-16 17:06:38,486  INFO [main] Click:16 - Click element [Getgo.Login.BtnNext.XPATH]
2018-07-16 17:06:40,760  INFO [main] Click:22 - Click Successful!
2018-07-16 17:06:40,761  INFO [main] Type:21 - Type the value [he*****] into element [Getgo.Login.TxtPassword.XPATH]
2018-07-16 17:06:46,826  INFO [main] Type:24 - Type Successful!
2018-07-16 17:06:46,827  INFO [main] Click:16 - Click element [Getgo.Login.BtnLogin.XPATH]
2018-07-16 17:06:49,166  INFO [main] Click:22 - Click Successful!
2018-07-16 17:06:49,237  INFO [main] Click:16 - Click element [Getgo.Dashboard.BtnMenu.ID]
2018-07-16 17:06:53,704  INFO [main] Click:22 - Click Successful!
2018-07-16 17:06:53,736  INFO [main] Click:26 - Click element [By.xpath: //XCUIElementTypeStaticText[@name='Card Transfer']]
2018-07-16 17:06:58,466  INFO [main] Click:32 - Click Successful!
2018-07-16 17:06:58,489  INFO [main] Click:16 - Click element [Getgo.CardTransfer.BtnAddRecipient.ID]
2018-07-16 17:06:59,549  INFO [main] Click:22 - Click Successful!
2018-07-16 17:07:11,030  INFO [main] Click:26 - Click element [By.xpath: //XCUIElementTypeStaticText[@name='testtransfer']]
