2018-07-17 17:53:44,904  INFO [main] RunManager:23 - Hey! ubp, Logging everything from here ....
2018-07-17 17:53:44,907  INFO [main] RunManager:24 - Run ID is --> Run-2
2018-07-17 17:53:45,111  INFO [main] StepsBase:16 - Executing S C E N A R I O : As a tester, I want to complete a funds transfer transaction so that I can pass on funds to another cardholder (Add recipient from saved list).
2018-07-17 17:53:58,283  INFO [main] Keywords:42 - Application launched
2018-07-17 17:53:58,312  INFO [main] Click:16 - Click element [Getgo.Welcome.BtnLogin.ID]
2018-07-17 17:53:59,882  INFO [main] Click:22 - Click Successful!
2018-07-17 17:53:59,898  INFO [main] Type:14 - Type the value [john@does.com] into element [Getgo.Login.TxtEmailAddress.XPATH]
2018-07-17 17:54:06,930  INFO [main] Type:17 - Type Successful!
2018-07-17 17:54:06,930  INFO [main] Click:16 - Click element [Getgo.Login.BtnNext.XPATH]
2018-07-17 17:54:09,683  INFO [main] Click:22 - Click Successful!
2018-07-17 17:54:09,698  INFO [main] Type:21 - Type the value [he*****] into element [Getgo.Login.TxtPassword.XPATH]
2018-07-17 17:54:18,912  INFO [main] Type:24 - Type Successful!
2018-07-17 17:54:18,928  INFO [main] Click:16 - Click element [Getgo.Login.BtnLogin.XPATH]
2018-07-17 17:54:21,741  INFO [main] Click:22 - Click Successful!
2018-07-17 17:54:21,766  INFO [main] Click:16 - Click element [Getgo.Dashboard.BtnMenu.ID]
2018-07-17 17:54:26,332  INFO [main] Click:22 - Click Successful!
2018-07-17 17:54:26,351  INFO [main] Click:26 - Click element [By.xpath: //XCUIElementTypeStaticText[@name='Card Transfer']]
2018-07-17 17:54:31,997  INFO [main] Click:32 - Click Successful!
2018-07-17 17:54:32,027  INFO [main] Click:16 - Click element [Getgo.CardTransfer.BtnAddRecipient.ID]
2018-07-17 17:54:33,632  INFO [main] Click:22 - Click Successful!
2018-07-17 17:55:04,495  INFO [main] Swipe:65 - Scrolled to the element matching the text --> testtransfer
2018-07-17 17:55:04,507  INFO [main] Click:26 - Click element [By.xpath: //XCUIElementTypeStaticText[@name='testtransfer']]
2018-07-17 17:55:33,026  INFO [main] Click:32 - Click Successful!
2018-07-17 17:55:33,027  INFO [main] Type:14 - Type the value [5] into element [Getgo.CardTransfer.TxtAmount.XPATH]
2018-07-17 17:55:45,133  INFO [main] Type:17 - Type Successful!
2018-07-17 17:55:45,142  INFO [main] Click:16 - Click element [Getgo.CardTransfer.BtnCalendar.ID]
2018-07-17 17:55:46,526  INFO [main] Click:22 - Click Successful!
2018-07-17 17:55:46,527  INFO [main] iOS:18 - Picking the specified day[17] month[7] year[2018] in the IOS calendar object
2018-07-17 17:55:54,772  INFO [main] Click:16 - Click element [Getgo.CardTransfer.BtnFrequencyDropdown.ID]
2018-07-17 17:55:56,345  INFO [main] Click:22 - Click Successful!
2018-07-17 17:55:56,346  INFO [main] iOS:37 - Select the value {One Time Only} in IOS picker wheel
2018-07-17 17:56:02,728  INFO [main] iOS:42 - Value One Time Only is selected!
2018-07-17 17:56:02,728  INFO [main] Type:14 - Type the value [Automation Transaction!] into element [Getgo.CardTransfer.TxtMessage.XPATH]
2018-07-17 17:56:11,567  INFO [main] Type:17 - Type Successful!
2018-07-17 17:56:15,183  INFO [main] Click:16 - Click element [Getgo.CardTransfer.BtnNext.ID]
2018-07-17 17:56:16,592  INFO [main] Click:22 - Click Successful!
2018-07-17 17:56:16,613  INFO [main] Verify:64 - Verify element [By.xpath: //XCUIElementTypeStaticText[contains(@name,'John')]] text is matching with [John Berlin Fuertes]
2018-07-17 17:56:18,884  INFO [main] Verify:72 - Condition verified!
2018-07-17 17:56:18,885  INFO [main] Verify:64 - Verify element [By.xpath: //XCUIElementTypeStaticText[contains(@name,'****')]] text is matching with [**** **** **** 5506]
2018-07-17 17:56:21,242  INFO [main] Verify:72 - Condition verified!
2018-07-17 17:56:21,243  INFO [main] Verify:64 - Verify element [By.xpath: //XCUIElementTypeStaticText[contains(@name,'6019')]] text is matching with [6019990220004855]
2018-07-17 17:56:23,720  INFO [main] Verify:72 - Condition verified!
2018-07-17 17:56:25,975  INFO [main] Verify:64 - Verify element [By.xpath: //XCUIElementTypeStaticText[@name='Jul 17, 2018']] text is matching with [Jul 17, 2018]
2018-07-17 17:56:28,383  INFO [main] Verify:72 - Condition verified!
2018-07-17 17:56:28,383  INFO [main] Click:16 - Click element [Getgo.CardTransferReview.BtnTransfer.XPATH]
2018-07-17 17:56:31,238  INFO [main] Click:22 - Click Successful!
2018-07-17 17:56:31,240  INFO [main] Verify:22 - Verify element [By.xpath: //XCUIElementTypeStaticText[@name='Congratulations!']] is present
2018-07-17 17:56:39,592  INFO [main] Verify:24 - Element is present!
2018-07-17 17:56:39,592  INFO [main] Verify:22 - Verify element [By.xpath: //XCUIElementTypeStaticText[@name='You have successfully transfer fund.']] is present
2018-07-17 17:56:41,018  INFO [main] Verify:24 - Element is present!
2018-07-17 17:56:41,018  INFO [main] Click:16 - Click element [Getgo.CardTransferSuccess.BtnViewDetails.XPATH]
2018-07-17 17:56:43,261  INFO [main] Click:22 - Click Successful!
2018-07-17 17:56:49,092  INFO [main] Keywords:49 - Application closed
2018-07-17 17:56:49,093  INFO [main] StepsBase:16 - Executing S C E N A R I O : As a tester, I want to complete a funds transfer transaction so that I can pass on funds to another cardholder.
2018-07-17 17:56:52,781  INFO [main] Keywords:42 - Application launched
2018-07-17 17:56:52,782  INFO [main] Click:16 - Click element [Getgo.Welcome.BtnLogin.ID]
2018-07-17 17:56:53,890  INFO [main] Click:22 - Click Successful!
2018-07-17 17:56:53,963  INFO [main] Type:14 - Type the value [john@does.com] into element [Getgo.Login.TxtEmailAddress.XPATH]
2018-07-17 17:57:00,694  INFO [main] Type:17 - Type Successful!
2018-07-17 17:57:00,694  INFO [main] Click:16 - Click element [Getgo.Login.BtnNext.XPATH]
2018-07-17 17:57:03,890  INFO [main] Click:22 - Click Successful!
2018-07-17 17:57:03,891  INFO [main] Type:21 - Type the value [he*****] into element [Getgo.Login.TxtPassword.XPATH]
2018-07-17 17:57:12,405  INFO [main] Type:24 - Type Successful!
2018-07-17 17:57:12,406  INFO [main] Click:16 - Click element [Getgo.Login.BtnLogin.XPATH]
2018-07-17 17:57:15,469  INFO [main] Click:22 - Click Successful!
2018-07-17 17:57:15,471  INFO [main] Click:16 - Click element [Getgo.Dashboard.BtnMenu.ID]
2018-07-17 17:57:19,842  INFO [main] Click:22 - Click Successful!
2018-07-17 17:57:19,842  INFO [main] Click:26 - Click element [By.xpath: //XCUIElementTypeStaticText[@name='Card Transfer']]
2018-07-17 17:57:25,816  INFO [main] Click:32 - Click Successful!
2018-07-17 17:57:25,817  INFO [main] Type:14 - Type the value [6019990220004855] into element [Getgo.CardTransfer.TxtCard.XPATH]
2018-07-17 17:57:39,357  INFO [main] Type:17 - Type Successful!
2018-07-17 17:57:39,357  INFO [main] Type:14 - Type the value [Clint Kris] into element [Getgo.CardTransfer.TxtRecipientName.XPATH]
2018-07-17 17:57:47,536  INFO [main] Type:17 - Type Successful!
2018-07-17 17:57:47,536  INFO [main] Type:14 - Type the value [5] into element [Getgo.CardTransfer.TxtAmount.XPATH]
2018-07-17 17:57:58,878  INFO [main] Type:17 - Type Successful!
2018-07-17 17:57:58,879  INFO [main] Click:16 - Click element [Getgo.CardTransfer.BtnCalendar.ID]
2018-07-17 17:58:00,504  INFO [main] Click:22 - Click Successful!
2018-07-17 17:58:00,504  INFO [main] iOS:18 - Picking the specified day[17] month[7] year[2018] in the IOS calendar object
2018-07-17 17:58:08,847  INFO [main] Click:16 - Click element [Getgo.CardTransfer.BtnFrequencyDropdown.ID]
2018-07-17 17:58:10,182  INFO [main] Click:22 - Click Successful!
2018-07-17 17:58:10,182  INFO [main] iOS:37 - Select the value {One Time Only} in IOS picker wheel
2018-07-17 17:58:16,556  INFO [main] iOS:42 - Value One Time Only is selected!
2018-07-17 17:58:16,556  INFO [main] Type:14 - Type the value [Automation Transaction!] into element [Getgo.CardTransfer.TxtMessage.XPATH]
2018-07-17 17:58:24,705  INFO [main] Type:17 - Type Successful!
2018-07-17 17:58:28,384  INFO [main] Click:16 - Click element [Getgo.CardTransfer.BtnNext.ID]
2018-07-17 17:58:29,756  INFO [main] Click:22 - Click Successful!
2018-07-17 17:58:29,757  INFO [main] Verify:64 - Verify element [By.xpath: //XCUIElementTypeStaticText[contains(@name,'John')]] text is matching with [John Berlin Fuertes]
2018-07-17 17:58:32,034  INFO [main] Verify:72 - Condition verified!
2018-07-17 17:58:32,035  INFO [main] Verify:64 - Verify element [By.xpath: //XCUIElementTypeStaticText[contains(@name,'****')]] text is matching with [**** **** **** 5506]
2018-07-17 17:58:34,312  INFO [main] Verify:72 - Condition verified!
2018-07-17 17:58:34,313  INFO [main] Verify:64 - Verify element [By.xpath: //XCUIElementTypeStaticText[contains(@name,'6019')]] text is matching with [6019990220004855]
2018-07-17 17:58:36,588  INFO [main] Verify:72 - Condition verified!
2018-07-17 17:58:38,894  INFO [main] Verify:64 - Verify element [By.xpath: //XCUIElementTypeStaticText[@name='Jul 17, 2018']] text is matching with [Jul 17, 2018]
2018-07-17 17:58:41,243  INFO [main] Verify:72 - Condition verified!
2018-07-17 17:58:41,243  INFO [main] Click:16 - Click element [Getgo.CardTransferReview.BtnTransfer.XPATH]
2018-07-17 17:58:44,169  INFO [main] Click:22 - Click Successful!
2018-07-17 17:58:44,170  INFO [main] Verify:22 - Verify element [By.xpath: //XCUIElementTypeStaticText[@name='Congratulations!']] is present
2018-07-17 17:58:49,942  INFO [main] Verify:24 - Element is present!
2018-07-17 17:58:49,943  INFO [main] Verify:22 - Verify element [By.xpath: //XCUIElementTypeStaticText[@name='You have successfully transfer fund.']] is present
2018-07-17 17:58:51,604  INFO [main] Verify:24 - Element is present!
2018-07-17 17:58:51,604  INFO [main] Click:16 - Click element [Getgo.CardTransferSuccess.BtnViewDetails.XPATH]
2018-07-17 17:58:54,081  INFO [main] Click:22 - Click Successful!
2018-07-17 17:59:00,040  INFO [main] Keywords:49 - Application closed
2018-07-17 17:59:00,062  INFO [main] StepsBase:16 - Executing S C E N A R I O : As a tester, I want to be able to login using my credentials so that I can see my account(Virtual Card or Peso+) details
2018-07-17 17:59:02,431  INFO [main] Keywords:42 - Application launched
2018-07-17 17:59:02,433  INFO [main] Click:16 - Click element [Getgo.Welcome.BtnLogin.ID]
2018-07-17 17:59:03,506  INFO [main] Click:22 - Click Successful!
2018-07-17 17:59:03,507  INFO [main] Type:14 - Type the value [(3)Evelyn.dhamodaran@unionbankph.com] into element [Getgo.Login.TxtEmailAddress.XPATH]
2018-07-17 17:59:10,580  INFO [main] Type:17 - Type Successful!
2018-07-17 17:59:10,580  INFO [main] Click:16 - Click element [Getgo.Login.BtnNext.XPATH]
2018-07-17 17:59:13,839  INFO [main] Click:22 - Click Successful!
2018-07-17 17:59:13,840  INFO [main] Type:21 - Type the value [he*****] into element [Getgo.Login.TxtPassword.XPATH]
2018-07-17 17:59:22,373  INFO [main] Type:24 - Type Successful!
2018-07-17 17:59:22,374  INFO [main] Click:16 - Click element [Getgo.Login.BtnLogin.XPATH]
2018-07-17 17:59:25,348  INFO [main] Click:22 - Click Successful!
2018-07-17 17:59:25,349  INFO [main] Verify:16 - Verify element [Getgo.Dashboard.ImgProfilePicture.ID] is present
2018-07-17 17:59:30,959  INFO [main] Verify:18 - Element is present!
2018-07-17 17:59:30,960  INFO [main] Verify:28 - Verify element [Getgo.Dashboard.LblUsername.XPATH] text is matching with [Eve Kanmani]
2018-07-17 17:59:33,975  INFO [main] Verify:36 - Condition verified!
2018-07-17 18:00:00,610  INFO [main] Keywords:49 - Application closed
2018-07-17 18:00:00,611  INFO [main] StepsBase:16 - Executing S C E N A R I O : As a tester, I want to be able to login using my credentials so that I can see my account(Virtual Card or Peso+) details
2018-07-17 18:00:02,955  INFO [main] Keywords:42 - Application launched
2018-07-17 18:00:02,956  INFO [main] Click:16 - Click element [Getgo.Welcome.BtnLogin.ID]
2018-07-17 18:00:04,069  INFO [main] Click:22 - Click Successful!
2018-07-17 18:00:04,070  INFO [main] Type:14 - Type the value [john@does.com] into element [Getgo.Login.TxtEmailAddress.XPATH]
2018-07-17 18:00:10,703  INFO [main] Type:17 - Type Successful!
2018-07-17 18:00:10,704  INFO [main] Click:16 - Click element [Getgo.Login.BtnNext.XPATH]
2018-07-17 18:00:13,759  INFO [main] Click:22 - Click Successful!
2018-07-17 18:00:13,760  INFO [main] Type:21 - Type the value [he*****] into element [Getgo.Login.TxtPassword.XPATH]
2018-07-17 18:00:22,618  INFO [main] Type:24 - Type Successful!
2018-07-17 18:00:22,618  INFO [main] Click:16 - Click element [Getgo.Login.BtnLogin.XPATH]
2018-07-17 18:00:25,513  INFO [main] Click:22 - Click Successful!
2018-07-17 18:00:25,514  INFO [main] Verify:16 - Verify element [Getgo.Dashboard.ImgProfilePicture.ID] is present
2018-07-17 18:00:28,980  INFO [main] Verify:18 - Element is present!
2018-07-17 18:00:28,980  INFO [main] Verify:28 - Verify element [Getgo.Dashboard.LblUsername.XPATH] text is matching with [John Berlin Fuertes]
2018-07-17 18:00:31,140  INFO [main] Verify:36 - Condition verified!
2018-07-17 18:00:39,630  INFO [main] Keywords:49 - Application closed
2018-07-17 18:00:39,632  INFO [main] StepsBase:16 - Executing S C E N A R I O : As a tester, I want to add new recipients and tag some of them as favorites so that I can keep a list of recipients (From Beneficiaries page)
2018-07-17 18:00:42,474  INFO [main] Keywords:42 - Application launched
2018-07-17 18:00:42,475  INFO [main] Click:16 - Click element [Getgo.Welcome.BtnLogin.ID]
2018-07-17 18:00:43,518  INFO [main] Click:22 - Click Successful!
2018-07-17 18:00:43,529  INFO [main] Type:14 - Type the value [john@does.com] into element [Getgo.Login.TxtEmailAddress.XPATH]
2018-07-17 18:00:50,420  INFO [main] Type:17 - Type Successful!
2018-07-17 18:00:50,420  INFO [main] Click:16 - Click element [Getgo.Login.BtnNext.XPATH]
2018-07-17 18:00:53,252  INFO [main] Click:22 - Click Successful!
2018-07-17 18:00:53,253  INFO [main] Type:21 - Type the value [he*****] into element [Getgo.Login.TxtPassword.XPATH]
2018-07-17 18:01:02,513  INFO [main] Type:24 - Type Successful!
2018-07-17 18:01:02,514  INFO [main] Click:16 - Click element [Getgo.Login.BtnLogin.XPATH]
2018-07-17 18:01:05,466  INFO [main] Click:22 - Click Successful!
2018-07-17 18:01:05,475  INFO [main] Click:16 - Click element [Getgo.Dashboard.BtnMenu.ID]
2018-07-17 18:01:09,912  INFO [main] Click:22 - Click Successful!
2018-07-17 18:01:09,912  INFO [main] Click:26 - Click element [By.xpath: //XCUIElementTypeStaticText[@name='Beneficiaries']]
2018-07-17 18:01:15,797  INFO [main] Click:32 - Click Successful!
2018-07-17 18:01:18,806  INFO [main] Click:16 - Click element [Getgo.ManageRecipient.BtnAdd.ID]
2018-07-17 18:01:24,240  INFO [main] Click:22 - Click Successful!
2018-07-17 18:01:24,240  INFO [main] Type:14 - Type the value [4125860420387224] into element [Getgo.ManageRecipient.TxtCard.XPATH]
2018-07-17 18:01:33,864  INFO [main] Type:17 - Type Successful!
2018-07-17 18:01:33,864  INFO [main] Type:14 - Type the value [Garfield Legros] into element [Getgo.ManageRecipient.TxtRecipientName.XPATH]
2018-07-17 18:01:40,087  INFO [main] Type:17 - Type Successful!
2018-07-17 18:01:40,088  INFO [main] Click:16 - Click element [Getgo.ManageRecipient.BtnSave.ID]
2018-07-17 18:01:41,951  INFO [main] Click:22 - Click Successful!
2018-07-17 18:04:39,492  INFO [main] Swipe:65 - Scrolled to the element matching the text --> 4125860420387224
2018-07-17 18:05:16,309  INFO [main] Click:16 - Click element [Getgo.ManageRecipient.BtnBack.XPATH]
2018-07-17 18:05:51,622  INFO [main] Click:22 - Click Successful!
2018-07-17 18:05:51,623  INFO [main] Click:16 - Click element [Getgo.Dashboard.BtnMenu.ID]
2018-07-17 18:05:53,458  INFO [main] Click:22 - Click Successful!
2018-07-17 18:05:53,459  INFO [main] Click:26 - Click element [By.xpath: //XCUIElementTypeStaticText[@name='Beneficiaries']]
2018-07-17 18:06:01,685  INFO [main] Click:32 - Click Successful!
2018-07-17 18:07:06,855 ERROR [main] Swipe:67 - An element could not be located on the page using the given search parameters.
For documentation on this error, please visit: http://seleniumhq.org/exceptions/no_such_element.html
Build info: version: '3.12.0', revision: '7c6e0b3', time: '2018-05-08T14:04:26.12Z'
System info: host: 'UBPs-iMac.local', ip: '192.168.16.22', os.name: 'Mac OS X', os.arch: 'x86_64', os.version: '10.13.5', java.version: '1.8.0_171'
Driver info: io.appium.java_client.ios.IOSDriver
Capabilities {automationName: XCUITest, browserName: , bundleId: com.unionbankph.getgopay-QAT, databaseEnabled: false, deviceName: IPhoneX Silver, javascriptEnabled: true, locationContextEnabled: false, networkConnectionEnabled: false, newCommandTimeout: 600, platform: MAC, platformName: iOS, platformVersion: 11.3, takesScreenshot: true, udid: b2d1f044ba24ce70691a5aca73b..., webStorageEnabled: false}
Session ID: 0c5fe927-1bb9-4e14-8917-6103a2b20ecc
*** Element info: {Using=accessibility id, value=4125860420387224}
2018-07-17 18:07:42,831  INFO [main] Keywords:49 - Application closed
2018-07-17 18:07:42,832  INFO [main] StepsBase:16 - Executing S C E N A R I O : Validate the fields & texts displayed on the Getgo Welcome & SignUp page
2018-07-17 18:07:47,496  INFO [main] Keywords:42 - Application launched
2018-07-17 18:07:47,497  INFO [main] Verify:16 - Verify element [Getgo.Welcome.ImgLogo.ID] is present
2018-07-17 18:07:48,105  INFO [main] Verify:18 - Element is present!
2018-07-17 18:07:48,105  INFO [main] Verify:28 - Verify element [Getgo.Welcome.LblCaption.XPATH] text is matching with [Now made easier. As simple as Ready, GetGo.]
2018-07-17 18:07:49,683  INFO [main] Verify:36 - Condition verified!
2018-07-17 18:07:49,683  INFO [main] Verify:28 - Verify element [Getgo.Welcome.BtnLogin.ID] text is matching with [LOG IN]
2018-07-17 18:07:50,197  INFO [main] Verify:36 - Condition verified!
2018-07-17 18:07:50,198  INFO [main] Verify:28 - Verify element [Getgo.Welcome.BtnSignUp.ID] text is matching with [SIGN UP]
2018-07-17 18:07:50,664  INFO [main] Verify:36 - Condition verified!
2018-07-17 18:07:50,665  INFO [main] Click:16 - Click element [Getgo.Welcome.BtnSignUp.ID]
2018-07-17 18:07:51,741  INFO [main] Click:22 - Click Successful!
2018-07-17 18:07:51,742  INFO [main] Verify:16 - Verify element [Getgo.SignUp.ImgGetgoCard.ID] is present
2018-07-17 18:07:52,101  INFO [main] Verify:18 - Element is present!
2018-07-17 18:07:52,101  INFO [main] Verify:28 - Verify element [Getgo.SignUp.BtnCreateVirtualCard.XPATH] text is matching with [No]
2018-07-17 18:07:53,990  INFO [main] Verify:36 - Condition verified!
2018-07-17 18:07:53,990  INFO [main] Verify:28 - Verify element [Getgo.SignUp.BtnRegisterPhysicalCard.XPATH] text is matching with [Yes]
2018-07-17 18:07:55,882  INFO [main] Verify:36 - Condition verified!
2018-07-17 18:07:55,882  INFO [main] Verify:28 - Verify element [Getgo.SignUp.LblCaption1.XPATH] text is matching with [Do you have a GetGo Peso Plus Card?]
2018-07-17 18:07:58,317  INFO [main] Verify:36 - Condition verified!
2018-07-17 18:07:58,317  INFO [main] Verify:28 - Verify element [Getgo.SignUp.LblCaption2.XPATH] text is matching with [Start shopping online by creating your GetGo Virtual Prepaid Card. Or register your Peso + Prepaid Card now.]
2018-07-17 18:08:00,158  INFO [main] Verify:36 - Condition verified!
2018-07-17 18:08:00,416  INFO [main] Keywords:49 - Application closed
2018-07-17 18:08:00,417  INFO [main] StepsBase:16 - Executing S C E N A R I O : Validate the fields & texts displayed on the Getgo Login page
2018-07-17 18:08:03,556  INFO [main] Keywords:42 - Application launched
2018-07-17 18:08:03,557  INFO [main] Click:16 - Click element [Getgo.Welcome.BtnLogin.ID]
2018-07-17 18:08:04,650  INFO [main] Click:22 - Click Successful!
2018-07-17 18:08:04,651  INFO [main] Verify:16 - Verify element [Getgo.Login.BtnBack.XPATH] is present
2018-07-17 18:08:06,693  INFO [main] Verify:18 - Element is present!
2018-07-17 18:08:06,693  INFO [main] Verify:22 - Verify element [By.xpath: //XCUIElementTypeStaticText[@name='Login']] is present
2018-07-17 18:08:08,412  INFO [main] Verify:24 - Element is present!
2018-07-17 18:08:08,412  INFO [main] Verify:28 - Verify element [Getgo.Login.LblCaption.XPATH] text is matching with [Now made easier. As simple as Ready, GetGo.]
2018-07-17 18:08:12,050  INFO [main] Verify:36 - Condition verified!
2018-07-17 18:08:12,051  INFO [main] Verify:28 - Verify element [Getgo.Login.TxtEmailAddress.XPATH] text is matching with [Email]
2018-07-17 18:08:15,656  INFO [main] Verify:36 - Condition verified!
2018-07-17 18:08:15,656  INFO [main] Verify:22 - Verify element [By.xpath: //XCUIElementTypeButton[@name='Forgot password?']] is present
