2018-07-16 17:33:51,023  INFO [main] RunManager:23 - Hey! ubp, Logging everything from here ....
2018-07-16 17:33:51,026  INFO [main] RunManager:24 - Run ID is --> Run-72
2018-07-16 17:33:51,195  INFO [main] StepsBase:16 - Executing S C E N A R I O : As a tester, I want to complete a funds transfer transaction so that I can pass on funds to another cardholder (Add recipient from saved list).
2018-07-16 17:33:56,564  INFO [main] Keywords:42 - Application launched
2018-07-16 17:33:56,586  INFO [main] Click:16 - Click element [Getgo.Welcome.BtnLogin.ID]
2018-07-16 17:33:57,205  INFO [main] Click:22 - Click Successful!
2018-07-16 17:33:57,218  INFO [main] Type:14 - Type the value [john@does.com] into element [Getgo.Login.TxtEmailAddress.XPATH]
2018-07-16 17:34:01,174  INFO [main] Type:17 - Type Successful!
2018-07-16 17:34:01,174  INFO [main] Click:16 - Click element [Getgo.Login.BtnNext.XPATH]
2018-07-16 17:34:03,477  INFO [main] Click:22 - Click Successful!
2018-07-16 17:34:03,479  INFO [main] Type:21 - Type the value [he*****] into element [Getgo.Login.TxtPassword.XPATH]
2018-07-16 17:34:09,642  INFO [main] Type:24 - Type Successful!
2018-07-16 17:34:09,643  INFO [main] Click:16 - Click element [Getgo.Login.BtnLogin.XPATH]
2018-07-16 17:34:12,168  INFO [main] Click:22 - Click Successful!
2018-07-16 17:34:12,176  INFO [main] Click:16 - Click element [Getgo.Dashboard.BtnMenu.ID]
2018-07-16 17:34:18,376  INFO [main] Click:22 - Click Successful!
2018-07-16 17:34:18,384  INFO [main] Click:26 - Click element [By.xpath: //XCUIElementTypeStaticText[@name='Card Transfer']]
2018-07-16 17:34:23,063  INFO [main] Click:32 - Click Successful!
2018-07-16 17:34:23,075  INFO [main] Click:16 - Click element [Getgo.CardTransfer.BtnAddRecipient.ID]
2018-07-16 17:34:24,166  INFO [main] Click:22 - Click Successful!
2018-07-16 17:34:39,328  INFO [main] Click:26 - Click element [By.xpath: //XCUIElementTypeStaticText[@name='testtransfer']]
