2018-07-16 15:24:26,084  INFO [main] RunManager:23 - Hey! ubp, Logging everything from here ....
2018-07-16 15:24:26,088  INFO [main] RunManager:24 - Run ID is --> Run-46
2018-07-16 15:24:26,344  INFO [main] StepsBase:16 - Executing S C E N A R I O : As a tester, I want to be able to login using my credentials so that I can see my account(Virtual Card or Peso+) details
2018-07-16 15:24:32,128  INFO [main] Keywords:41 - Application launched
2018-07-16 15:24:32,134  INFO [main] Click:16 - Click element [Getgo.Welcome.BtnLogin.ID]
2018-07-16 15:24:32,791  INFO [main] Click:22 - Click Successful!
2018-07-16 15:24:32,811  INFO [main] Type:14 - Type the value [(3)Evelyn.dhamodaran@unionbankph.com] into element [Getgo.Login.TxtEmailAddress.XPATH]
2018-07-16 15:25:05,572  INFO [main] Type:17 - Type Successful!
2018-07-16 15:25:05,572  INFO [main] Click:16 - Click element [Getgo.Login.BtnNext.XPATH]
2018-07-16 15:25:07,848  INFO [main] Click:22 - Click Successful!
2018-07-16 15:25:07,850  INFO [main] Type:21 - Type the value [he*****] into element [Getgo.Login.TxtPassword.XPATH]
2018-07-16 15:25:13,921  INFO [main] Type:24 - Type Successful!
2018-07-16 15:25:13,922  INFO [main] Click:16 - Click element [Getgo.Login.BtnLogin.XPATH]
2018-07-16 15:25:16,307  INFO [main] Click:22 - Click Successful!
2018-07-16 15:25:16,313  INFO [main] Verify:16 - Verify element [Getgo.Dashboard.ImgProfilePicture.ID] is present
2018-07-16 15:25:20,213  INFO [main] Verify:18 - Element is present!
2018-07-16 15:25:20,215  INFO [main] Verify:28 - Verify element [Getgo.Dashboard.LblUsername.XPATH] text is matching with [Eve Kanmani]
2018-07-16 15:25:22,286  INFO [main] Verify:36 - Condition verified!
2018-07-16 15:25:42,201  INFO [main] Keywords:48 - Application closed
2018-07-16 15:25:42,209  INFO [main] StepsBase:16 - Executing S C E N A R I O : As a tester, I want to be able to login using my credentials so that I can see my account(Virtual Card or Peso+) details
2018-07-16 15:25:45,706  INFO [main] Keywords:41 - Application launched
2018-07-16 15:25:45,707  INFO [main] Click:16 - Click element [Getgo.Welcome.BtnLogin.ID]
2018-07-16 15:25:46,342  INFO [main] Click:22 - Click Successful!
2018-07-16 15:25:46,343  INFO [main] Type:14 - Type the value [john@does.com] into element [Getgo.Login.TxtEmailAddress.XPATH]
2018-07-16 15:25:50,250  INFO [main] Type:17 - Type Successful!
2018-07-16 15:25:50,251  INFO [main] Click:16 - Click element [Getgo.Login.BtnNext.XPATH]
2018-07-16 15:25:52,529  INFO [main] Click:22 - Click Successful!
2018-07-16 15:25:52,532  INFO [main] Type:21 - Type the value [he*****] into element [Getgo.Login.TxtPassword.XPATH]
2018-07-16 15:25:59,402  INFO [main] Type:24 - Type Successful!
2018-07-16 15:25:59,402  INFO [main] Click:16 - Click element [Getgo.Login.BtnLogin.XPATH]
2018-07-16 15:26:01,742  INFO [main] Click:22 - Click Successful!
2018-07-16 15:26:01,755  INFO [main] Verify:16 - Verify element [Getgo.Dashboard.ImgProfilePicture.ID] is present
2018-07-16 15:26:05,251  INFO [main] Verify:18 - Element is present!
2018-07-16 15:26:05,251  INFO [main] Verify:28 - Verify element [Getgo.Dashboard.LblUsername.XPATH] text is matching with [John Berlin Fuertes]
2018-07-16 15:26:06,580  INFO [main] Verify:36 - Condition verified!
