2018-07-16 17:39:12,406  INFO [main] RunManager:23 - Hey! ubp, Logging everything from here ....
2018-07-16 17:39:12,409  INFO [main] RunManager:24 - Run ID is --> Run-73
2018-07-16 17:39:12,571  INFO [main] StepsBase:16 - Executing S C E N A R I O : As a tester, I want to complete a funds transfer transaction so that I can pass on funds to another cardholder (Add recipient from saved list).
2018-07-16 17:39:17,931  INFO [main] Keywords:42 - Application launched
2018-07-16 17:39:17,951  INFO [main] Click:16 - Click element [Getgo.Welcome.BtnLogin.ID]
2018-07-16 17:39:18,574  INFO [main] Click:22 - Click Successful!
2018-07-16 17:39:18,581  INFO [main] Type:14 - Type the value [john@does.com] into element [Getgo.Login.TxtEmailAddress.XPATH]
2018-07-16 17:39:22,474  INFO [main] Type:17 - Type Successful!
2018-07-16 17:39:22,474  INFO [main] Click:16 - Click element [Getgo.Login.BtnNext.XPATH]
2018-07-16 17:39:24,949  INFO [main] Click:22 - Click Successful!
2018-07-16 17:39:24,950  INFO [main] Type:21 - Type the value [he*****] into element [Getgo.Login.TxtPassword.XPATH]
2018-07-16 17:39:30,900  INFO [main] Type:24 - Type Successful!
2018-07-16 17:39:30,901  INFO [main] Click:16 - Click element [Getgo.Login.BtnLogin.XPATH]
2018-07-16 17:39:33,390  INFO [main] Click:22 - Click Successful!
2018-07-16 17:39:33,405  INFO [main] Click:16 - Click element [Getgo.Dashboard.BtnMenu.ID]
2018-07-16 17:39:38,378  INFO [main] Click:22 - Click Successful!
2018-07-16 17:39:38,380  INFO [main] Click:26 - Click element [By.xpath: //XCUIElementTypeStaticText[@name='Card Transfer']]
2018-07-16 17:39:43,039  INFO [main] Click:32 - Click Successful!
2018-07-16 17:39:43,061  INFO [main] Click:16 - Click element [Getgo.CardTransfer.BtnAddRecipient.ID]
2018-07-16 17:39:44,164  INFO [main] Click:22 - Click Successful!
